TN:
SF:src/app.d.ts
FNF:0
FNH:0
LF:0
LH:0
BRF:0
BRH:0
end_of_record
TN:
SF:src/env.d.ts
FNF:0
FNH:0
LF:0
LH:0
BRF:0
BRH:0
end_of_record
TN:
SF:src/service-worker.ts
FN:39,getConnectedPeers
FN:45,(anonymous_1)
FN:65,(anonymous_2)
FN:67,addFilesToCache
FN:75,(anonymous_4)
FN:77,deleteOldCaches
FN:86,(anonymous_6)
FN:90,respond
FN:143,(anonymous_8)
FN:149,(anonymous_9)
FN:162,(anonymous_10)
FN:188,(anonymous_11)
FNF:12
FNH:0
FNDA:0,getConnectedPeers
FNDA:0,(anonymous_1)
FNDA:0,(anonymous_2)
FNDA:0,addFilesToCache
FNDA:0,(anonymous_4)
FNDA:0,deleteOldCaches
FNDA:0,(anonymous_6)
FNDA:0,respond
FNDA:0,(anonymous_8)
FNDA:0,(anonymous_9)
FNDA:0,(anonymous_10)
FNDA:0,(anonymous_11)
DA:4,0
DA:6,0
DA:27,0
DA:40,0
DA:42,0
DA:43,0
DA:45,0
DA:46,0
DA:49,0
DA:50,0
DA:55,0
DA:58,0
DA:59,0
DA:65,0
DA:68,0
DA:69,0
DA:72,0
DA:75,0
DA:78,0
DA:79,0
DA:83,0
DA:86,0
DA:88,0
DA:91,0
DA:92,0
DA:95,0
DA:96,0
DA:97,0
DA:98,0
DA:102,0
DA:103,0
DA:104,0
DA:105,0
DA:111,0
DA:112,0
DA:116,0
DA:117,0
DA:121,0
DA:122,0
DA:123,0
DA:126,0
DA:128,0
DA:130,0
DA:131,0
DA:136,0
DA:140,0
DA:143,0
DA:144,0
DA:147,0
DA:150,0
DA:151,0
DA:154,0
DA:155,0
DA:157,0
DA:162,0
DA:163,0
DA:165,0
DA:167,0
DA:168,0
DA:170,0
DA:171,0
DA:173,0
DA:174,0
DA:176,0
DA:177,0
DA:178,0
DA:180,0
DA:185,0
DA:189,0
DA:190,0
DA:201,0
LF:71
LH:0
BRDA:4,0,0,0
BRDA:4,0,1,0
BRDA:43,1,0,0
BRDA:43,1,1,0
BRDA:46,2,0,0
BRDA:46,2,1,0
BRDA:46,2,2,0
BRDA:79,3,0,0
BRDA:79,3,1,0
BRDA:88,4,0,0
BRDA:88,4,1,0
BRDA:97,5,0,0
BRDA:97,5,1,0
BRDA:98,6,0,0
BRDA:98,6,1,0
BRDA:102,7,0,0
BRDA:102,7,1,0
BRDA:104,8,0,0
BRDA:104,8,1,0
BRDA:116,9,0,0
BRDA:116,9,1,0
BRDA:121,10,0,0
BRDA:121,10,1,0
BRDA:122,11,0,0
BRDA:122,11,1,0
BRDA:122,12,0,0
BRDA:122,12,1,0
BRDA:130,13,0,0
BRDA:130,13,1,0
BRDA:150,14,0,0
BRDA:150,14,1,0
BRDA:155,15,0,0
BRDA:155,15,1,0
BRDA:165,16,0,0
BRDA:165,16,1,0
BRDA:165,16,2,0
BRDA:165,16,3,0
BRDA:165,16,4,0
BRDA:189,17,0,0
BRDA:189,17,1,0
BRDA:189,18,0,0
BRDA:189,18,1,0
BRDA:192,19,0,0
BRDA:192,19,1,0
BRF:44
BRH:0
end_of_record
TN:
SF:src/vite-env.d.ts
FNF:0
FNH:0
LF:0
LH:0
BRF:0
BRH:0
end_of_record
TN:
SF:src/lib/collective-rec.svelte.ts
FN:36,getFilterValue
FN:45,createFilter
FN:55,unionOfFilters
FN:66,calculateTotalNeedAmount
FN:67,(anonymous_4)
FN:73,getRemainingNeed
FN:120,timeRangesOverlap
FN:155,locationsCompatible
FN:241,haversineDistance
FN:258,slotsCompatible
FN:284,matchNeedToCapacitySlots
FN:346,(anonymous_11)
FN:348,(anonymous_12)
FN:368,calculateSlotCompatibleAmount
FN:400,allocateSlotsToRecipients
FN:415,(anonymous_15)
FN:491,(anonymous_16)
FN:494,(anonymous_17)
FN:506,(anonymous_18)
FN:511,(anonymous_19)
FN:520,(anonymous_20)
FN:538,(anonymous_21)
FN:538,(anonymous_22)
FN:554,(anonymous_23)
FN:636,(anonymous_24)
FN:692,(anonymous_25)
FN:717,maybeUpdateCapacityMembers
FN:753,extractRecognitionDataFromTrees
FN:767,(anonymous_28)
FN:799,calculateCollectiveRecognitionShares
FN:872,computeAllocations
FN:922,(anonymous_31)
FN:1010,generateAllocations
FN:1053,updateNeedFulfillment
FN:1057,(anonymous_34)
FN:1089,applyFilterUnion
FN:1115,explainAllocation
FN:1158,getAllocationStats
FN:1167,(anonymous_38)
FN:1171,(anonymous_39)
FNF:40
FNH:0
FNDA:0,getFilterValue
FNDA:0,createFilter
FNDA:0,unionOfFilters
FNDA:0,calculateTotalNeedAmount
FNDA:0,(anonymous_4)
FNDA:0,getRemainingNeed
FNDA:0,timeRangesOverlap
FNDA:0,locationsCompatible
FNDA:0,haversineDistance
FNDA:0,slotsCompatible
FNDA:0,matchNeedToCapacitySlots
FNDA:0,(anonymous_11)
FNDA:0,(anonymous_12)
FNDA:0,calculateSlotCompatibleAmount
FNDA:0,allocateSlotsToRecipients
FNDA:0,(anonymous_15)
FNDA:0,(anonymous_16)
FNDA:0,(anonymous_17)
FNDA:0,(anonymous_18)
FNDA:0,(anonymous_19)
FNDA:0,(anonymous_20)
FNDA:0,(anonymous_21)
FNDA:0,(anonymous_22)
FNDA:0,(anonymous_23)
FNDA:0,(anonymous_24)
FNDA:0,(anonymous_25)
FNDA:0,maybeUpdateCapacityMembers
FNDA:0,extractRecognitionDataFromTrees
FNDA:0,(anonymous_28)
FNDA:0,calculateCollectiveRecognitionShares
FNDA:0,computeAllocations
FNDA:0,(anonymous_31)
FNDA:0,generateAllocations
FNDA:0,updateNeedFulfillment
FNDA:0,(anonymous_34)
FNDA:0,applyFilterUnion
FNDA:0,explainAllocation
FNDA:0,getAllocationStats
FNDA:0,(anonymous_38)
FNDA:0,(anonymous_39)
DA:37,0
DA:38,0
DA:39,0
DA:46,0
DA:47,0
DA:48,0
DA:56,0
DA:57,0
DA:58,0
DA:67,0
DA:74,0
DA:75,0
DA:125,0
DA:126,0
DA:130,0
DA:131,0
DA:134,0
DA:136,0
DA:137,0
DA:138,0
DA:139,0
DA:144,0
DA:147,0
DA:174,0
DA:175,0
DA:177,0
DA:178,0
DA:182,0
DA:183,0
DA:187,0
DA:195,0
DA:199,0
DA:200,0
DA:201,0
DA:206,0
DA:207,0
DA:208,0
DA:213,0
DA:219,0
DA:225,0
DA:230,0
DA:231,0
DA:235,0
DA:242,0
DA:243,0
DA:244,0
DA:246,0
DA:251,0
DA:252,0
DA:263,0
DA:264,0
DA:268,0
DA:269,0
DA:273,0
DA:302,0
DA:303,0
DA:304,0
DA:306,0
DA:309,0
DA:310,0
DA:312,0
DA:315,0
DA:321,0
DA:322,0
DA:327,0
DA:328,0
DA:329,0
DA:332,0
DA:333,0
DA:340,0
DA:341,0
DA:346,0
DA:347,0
DA:348,0
DA:351,0
DA:373,0
DA:376,0
DA:377,0
DA:415,0
DA:418,0
DA:419,0
DA:420,0
DA:421,0
DA:424,0
DA:425,0
DA:429,0
DA:430,0
DA:431,0
DA:440,0
DA:441,0
DA:442,0
DA:443,0
DA:456,0
DA:457,0
DA:459,0
DA:461,0
DA:462,0
DA:463,0
DA:464,0
DA:468,0
DA:471,0
DA:472,0
DA:478,0
DA:480,0
DA:481,0
DA:482,0
DA:485,0
DA:488,0
DA:489,0
DA:490,0
DA:491,0
DA:494,0
DA:498,0
DA:501,0
DA:504,0
DA:505,0
DA:506,0
DA:510,0
DA:511,0
DA:512,0
DA:513,0
DA:519,0
DA:520,0
DA:523,0
DA:524,0
DA:528,0
DA:532,0
DA:533,0
DA:537,0
DA:538,0
DA:545,0
DA:546,0
DA:547,0
DA:549,0
DA:550,0
DA:553,0
DA:554,0
DA:556,0
DA:558,0
DA:562,0
DA:563,0
DA:576,0
DA:577,0
DA:578,0
DA:579,0
DA:581,0
DA:582,0
DA:583,0
DA:584,0
DA:587,0
DA:588,0
DA:589,0
DA:590,0
DA:593,0
DA:594,0
DA:595,0
DA:598,0
DA:599,0
DA:600,0
DA:603,0
DA:604,0
DA:605,0
DA:607,0
DA:608,0
DA:611,0
DA:614,0
DA:616,0
DA:618,0
DA:620,0
DA:622,0
DA:623,0
DA:627,0
DA:633,0
DA:636,0
DA:639,0
DA:649,0
DA:650,0
DA:651,0
DA:652,0
DA:653,0
DA:654,0
DA:656,0
DA:657,0
DA:660,0
DA:663,0
DA:666,0
DA:670,0
DA:671,0
DA:677,0
DA:678,0
DA:682,0
DA:683,0
DA:687,0
DA:688,0
DA:692,0
DA:694,0
DA:722,0
DA:723,0
DA:726,0
DA:727,0
DA:730,0
DA:742,0
DA:756,0
DA:759,0
DA:762,0
DA:764,0
DA:765,0
DA:767,0
DA:768,0
DA:770,0
DA:772,0
DA:783,0
DA:803,0
DA:806,0
DA:809,0
DA:810,0
DA:813,0
DA:814,0
DA:815,0
DA:816,0
DA:817,0
DA:820,0
DA:821,0
DA:822,0
DA:824,0
DA:825,0
DA:827,0
DA:828,0
DA:831,0
DA:832,0
DA:836,0
DA:838,0
DA:839,0
DA:840,0
DA:843,0
DA:844,0
DA:845,0
DA:849,0
DA:888,0
DA:891,0
DA:892,0
DA:893,0
DA:895,0
DA:897,0
DA:898,0
DA:901,0
DA:902,0
DA:909,0
DA:910,0
DA:912,0
DA:913,0
DA:914,0
DA:918,0
DA:921,0
DA:922,0
DA:925,0
DA:926,0
DA:927,0
DA:928,0
DA:930,0
DA:931,0
DA:932,0
DA:933,0
DA:935,0
DA:936,0
DA:937,0
DA:938,0
DA:943,0
DA:951,0
DA:952,0
DA:955,0
DA:956,0
DA:957,0
DA:960,0
DA:961,0
DA:962,0
DA:964,0
DA:1015,0
DA:1016,0
DA:1018,0
DA:1019,0
DA:1020,0
DA:1022,0
DA:1023,0
DA:1025,0
DA:1041,0
DA:1057,0
DA:1058,0
DA:1061,0
DA:1062,0
DA:1063,0
DA:1064,0
DA:1065,0
DA:1068,0
DA:1093,0
DA:1094,0
DA:1096,0
DA:1097,0
DA:1098,0
DA:1101,0
DA:1104,0
DA:1119,0
DA:1120,0
DA:1121,0
DA:1122,0
DA:1123,0
DA:1124,0
DA:1126,0
DA:1127,0
DA:1128,0
DA:1130,0
DA:1131,0
DA:1133,0
DA:1134,0
DA:1135,0
DA:1136,0
DA:1137,0
DA:1138,0
DA:1139,0
DA:1141,0
DA:1142,0
DA:1145,0
DA:1146,0
DA:1147,0
DA:1150,0
DA:1152,0
DA:1166,0
DA:1167,0
DA:1170,0
DA:1171,0
DA:1175,0
LF:331
LH:0
BRDA:37,0,0,0
BRDA:37,0,1,0
BRDA:38,1,0,0
BRDA:38,1,1,0
BRDA:46,2,0,0
BRDA:46,2,1,0
BRDA:47,3,0,0
BRDA:47,3,1,0
BRDA:47,4,0,0
BRDA:47,4,1,0
BRDA:125,5,0,0
BRDA:125,5,1,0
BRDA:125,6,0,0
BRDA:125,6,1,0
BRDA:125,6,2,0
BRDA:125,6,3,0
BRDA:130,7,0,0
BRDA:130,7,1,0
BRDA:130,8,0,0
BRDA:130,8,1,0
BRDA:130,8,2,0
BRDA:130,8,3,0
BRDA:136,9,0,0
BRDA:136,9,1,0
BRDA:137,10,0,0
BRDA:137,10,1,0
BRDA:138,11,0,0
BRDA:138,11,1,0
BRDA:139,12,0,0
BRDA:139,12,1,0
BRDA:144,13,0,0
BRDA:144,13,1,0
BRDA:174,14,0,0
BRDA:174,14,1,0
BRDA:174,14,2,0
BRDA:175,15,0,0
BRDA:175,15,1,0
BRDA:175,15,2,0
BRDA:177,16,0,0
BRDA:177,16,1,0
BRDA:177,17,0,0
BRDA:177,17,1,0
BRDA:182,18,0,0
BRDA:182,18,1,0
BRDA:182,19,0,0
BRDA:182,19,1,0
BRDA:187,20,0,0
BRDA:187,20,1,0
BRDA:188,21,0,0
BRDA:188,21,1,0
BRDA:188,21,2,0
BRDA:188,21,3,0
BRDA:188,21,4,0
BRDA:188,21,5,0
BRDA:199,22,0,0
BRDA:199,22,1,0
BRDA:199,23,0,0
BRDA:199,23,1,0
BRDA:200,24,0,0
BRDA:200,24,1,0
BRDA:206,25,0,0
BRDA:206,25,1,0
BRDA:206,26,0,0
BRDA:206,26,1,0
BRDA:207,27,0,0
BRDA:207,27,1,0
BRDA:213,28,0,0
BRDA:213,28,1,0
BRDA:214,29,0,0
BRDA:214,29,1,0
BRDA:214,29,2,0
BRDA:214,29,3,0
BRDA:230,30,0,0
BRDA:230,30,1,0
BRDA:230,31,0,0
BRDA:230,31,1,0
BRDA:230,31,2,0
BRDA:230,31,3,0
BRDA:263,32,0,0
BRDA:263,32,1,0
BRDA:268,33,0,0
BRDA:268,33,1,0
BRDA:312,34,0,0
BRDA:312,34,1,0
BRDA:321,35,0,0
BRDA:321,35,1,0
BRDA:332,36,0,0
BRDA:332,36,1,0
BRDA:340,37,0,0
BRDA:340,37,1,0
BRDA:373,38,0,0
BRDA:373,38,1,0
BRDA:420,39,0,0
BRDA:420,39,1,0
BRDA:461,40,0,0
BRDA:461,40,1,0
BRDA:463,41,0,0
BRDA:463,41,1,0
BRDA:468,42,0,0
BRDA:468,42,1,0
BRDA:468,43,0,0
BRDA:468,43,1,0
BRDA:470,44,0,0
BRDA:470,44,1,0
BRDA:470,44,2,0
BRDA:471,45,0,0
BRDA:471,45,1,0
BRDA:488,46,0,0
BRDA:488,46,1,0
BRDA:490,47,0,0
BRDA:490,47,1,0
BRDA:498,48,0,0
BRDA:498,48,1,0
BRDA:498,49,0,0
BRDA:498,49,1,0
BRDA:500,50,0,0
BRDA:500,50,1,0
BRDA:500,50,2,0
BRDA:501,51,0,0
BRDA:501,51,1,0
BRDA:504,52,0,0
BRDA:504,52,1,0
BRDA:504,53,0,0
BRDA:504,53,1,0
BRDA:505,54,0,0
BRDA:505,54,1,0
BRDA:510,55,0,0
BRDA:510,55,1,0
BRDA:510,56,0,0
BRDA:510,56,1,0
BRDA:512,57,0,0
BRDA:512,57,1,0
BRDA:512,58,0,0
BRDA:512,58,1,0
BRDA:523,59,0,0
BRDA:523,59,1,0
BRDA:547,60,0,0
BRDA:547,60,1,0
BRDA:550,61,0,0
BRDA:550,61,1,0
BRDA:550,62,0,0
BRDA:550,62,1,0
BRDA:554,63,0,0
BRDA:554,63,1,0
BRDA:556,64,0,0
BRDA:556,64,1,0
BRDA:562,65,0,0
BRDA:562,65,1,0
BRDA:581,66,0,0
BRDA:581,66,1,0
BRDA:581,66,2,0
BRDA:581,66,3,0
BRDA:581,66,4,0
BRDA:590,67,0,0
BRDA:590,67,1,0
BRDA:593,68,0,0
BRDA:593,68,1,0
BRDA:607,69,0,0
BRDA:607,69,1,0
BRDA:611,70,0,0
BRDA:611,70,1,0
BRDA:616,71,0,0
BRDA:616,71,1,0
BRDA:620,72,0,0
BRDA:620,72,1,0
BRDA:633,73,0,0
BRDA:633,73,1,0
BRDA:660,74,0,0
BRDA:660,74,1,0
BRDA:663,75,0,0
BRDA:663,75,1,0
BRDA:670,76,0,0
BRDA:670,76,1,0
BRDA:677,77,0,0
BRDA:677,77,1,0
BRDA:682,78,0,0
BRDA:682,78,1,0
BRDA:687,79,0,0
BRDA:687,79,1,0
BRDA:722,80,0,0
BRDA:722,80,1,0
BRDA:726,81,0,0
BRDA:726,81,1,0
BRDA:727,82,0,0
BRDA:727,82,1,0
BRDA:762,83,0,0
BRDA:762,83,1,0
BRDA:765,84,0,0
BRDA:765,84,1,0
BRDA:768,85,0,0
BRDA:768,85,1,0
BRDA:770,86,0,0
BRDA:770,86,1,0
BRDA:815,87,0,0
BRDA:815,87,1,0
BRDA:822,88,0,0
BRDA:822,88,1,0
BRDA:825,89,0,0
BRDA:825,89,1,0
BRDA:836,90,0,0
BRDA:836,90,1,0
BRDA:844,91,0,0
BRDA:844,91,1,0
BRDA:895,92,0,0
BRDA:895,92,1,0
BRDA:897,93,0,0
BRDA:897,93,1,0
BRDA:897,94,0,0
BRDA:897,94,1,0
BRDA:897,94,2,0
BRDA:901,95,0,0
BRDA:901,95,1,0
BRDA:912,96,0,0
BRDA:912,96,1,0
BRDA:918,97,0,0
BRDA:918,97,1,0
BRDA:931,98,0,0
BRDA:931,98,1,0
BRDA:935,99,0,0
BRDA:935,99,1,0
BRDA:937,100,0,0
BRDA:937,100,1,0
BRDA:956,101,0,0
BRDA:956,101,1,0
BRDA:957,102,0,0
BRDA:957,102,1,0
BRDA:966,103,0,0
BRDA:966,103,1,0
BRDA:966,103,2,0
BRDA:1019,104,0,0
BRDA:1019,104,1,0
BRDA:1020,105,0,0
BRDA:1020,105,1,0
BRDA:1022,106,0,0
BRDA:1022,106,1,0
BRDA:1023,107,0,0
BRDA:1023,107,1,0
BRDA:1033,108,0,0
BRDA:1033,108,1,0
BRDA:1058,109,0,0
BRDA:1058,109,1,0
BRDA:1062,110,0,0
BRDA:1062,110,1,0
BRDA:1064,111,0,0
BRDA:1064,111,1,0
BRDA:1094,112,0,0
BRDA:1094,112,1,0
BRDA:1097,113,0,0
BRDA:1097,113,1,0
BRDA:1098,114,0,0
BRDA:1098,114,1,0
BRDA:1119,115,0,0
BRDA:1119,115,1,0
BRDA:1120,116,0,0
BRDA:1120,116,1,0
BRDA:1121,117,0,0
BRDA:1121,117,1,0
BRDA:1122,118,0,0
BRDA:1122,118,1,0
BRDA:1123,119,0,0
BRDA:1123,119,1,0
BRDA:1134,120,0,0
BRDA:1134,120,1,0
BRDA:1137,121,0,0
BRDA:1137,121,1,0
BRDA:1145,122,0,0
BRDA:1145,122,1,0
BRDA:1182,123,0,0
BRDA:1182,123,1,0
BRF:269
BRH:0
end_of_record
TN:
SF:src/lib/collective-tree.svelte.ts
FN:65,isCollective
FN:74,getCacheKey
FN:79,getNodeCapacities
FN:88,collectiveMF
FN:146,mutualFulfillment
FN:171,getCollectiveWeights
FN:179,(anonymous_6)
FN:195,(anonymous_7)
FN:204,createSubCollective
FN:214,(anonymous_9)
FN:225,collectiveCapacity
FN:249,(anonymous_11)
FN:253,(anonymous_12)
FN:292,hashContributorIds
FN:298,calculateContributorWeights
FN:305,(anonymous_15)
FN:342,(anonymous_16)
FN:358,mergeContributorTrees
FN:468,mergeNodeRecursively
FN:518,(anonymous_19)
FN:549,convertMergeDataToCollectiveNode
FN:615,createSimpleMergeConfig
FN:655,convertTreeToPercentages
FN:658,calculatePercentagesRecursive
FN:663,(anonymous_24)
FN:687,calculateNodeContributorShares
FN:721,findCollectiveNodeById
FN:737,calculatePathWeight
FN:776,getPathToCollectiveNode
FN:796,calculateCollectiveRecognition
FN:853,(anonymous_30)
FN:864,(anonymous_31)
FN:913,calculateContributorPercentageOfNode
FN:1012,calculateAllContributorPercentagesOfNode
FN:1024,(anonymous_34)
FN:1034,calculateIndividualNodePercentage
FN:1056,explainContributorPercentageCalculation
FN:1089,(anonymous_37)
FN:1102,generateMathematicalProof
FN:1151,allocateCapacityToNode
FN:1174,(anonymous_41)
FN:1174,(anonymous_42)
FN:1177,(anonymous_43)
FN:1182,(anonymous_44)
FN:1183,(anonymous_45)
FN:1185,(anonymous_46)
FN:1187,(anonymous_47)
FN:1480,getNodeContributors
FN:1490,filterTreeByMinimumPercentage
FN:1506,shouldKeepNode
FN:1511,filterNodeRecursive
FN:1545,(anonymous_52)
FN:1603,filterTreeByMinimumQuorum
FN:1619,shouldKeepNode
FN:1624,filterNodeRecursive
FN:1659,(anonymous_56)
FN:1716,filterTreeByMultipleCriteria
FN:1731,shouldKeepNode
FN:1756,(anonymous_59)
FN:1768,(anonymous_60)
FN:1789,filterNodeRecursive
FN:1823,(anonymous_62)
FN:1880,countNodesInTree
FN:1889,filterTreeByCapacityAllocation
FN:1906,shouldKeepNode
FN:1915,(anonymous_66)
FN:1920,filterNodeRecursive
FN:1941,(anonymous_68)
FN:1957,(anonymous_69)
FN:2014,analyzeFilteredContributors
FN:2026,(anonymous_71)
FN:2031,countContributorNodes
FN:2088,renormalizeChildrenWeights
FN:2094,(anonymous_74)
FN:2111,(anonymous_75)
FN:2135,renormalizeCollectiveTree
FN:2136,renormalizeNodeRecursive
FN:2138,(anonymous_78)
FNF:78
FNH:0
FNDA:0,isCollective
FNDA:0,getCacheKey
FNDA:0,getNodeCapacities
FNDA:0,collectiveMF
FNDA:0,mutualFulfillment
FNDA:0,getCollectiveWeights
FNDA:0,(anonymous_6)
FNDA:0,(anonymous_7)
FNDA:0,createSubCollective
FNDA:0,(anonymous_9)
FNDA:0,collectiveCapacity
FNDA:0,(anonymous_11)
FNDA:0,(anonymous_12)
FNDA:0,hashContributorIds
FNDA:0,calculateContributorWeights
FNDA:0,(anonymous_15)
FNDA:0,(anonymous_16)
FNDA:0,mergeContributorTrees
FNDA:0,mergeNodeRecursively
FNDA:0,(anonymous_19)
FNDA:0,convertMergeDataToCollectiveNode
FNDA:0,createSimpleMergeConfig
FNDA:0,convertTreeToPercentages
FNDA:0,calculatePercentagesRecursive
FNDA:0,(anonymous_24)
FNDA:0,calculateNodeContributorShares
FNDA:0,findCollectiveNodeById
FNDA:0,calculatePathWeight
FNDA:0,getPathToCollectiveNode
FNDA:0,calculateCollectiveRecognition
FNDA:0,(anonymous_30)
FNDA:0,(anonymous_31)
FNDA:0,calculateContributorPercentageOfNode
FNDA:0,calculateAllContributorPercentagesOfNode
FNDA:0,(anonymous_34)
FNDA:0,calculateIndividualNodePercentage
FNDA:0,explainContributorPercentageCalculation
FNDA:0,(anonymous_37)
FNDA:0,generateMathematicalProof
FNDA:0,allocateCapacityToNode
FNDA:0,(anonymous_41)
FNDA:0,(anonymous_42)
FNDA:0,(anonymous_43)
FNDA:0,(anonymous_44)
FNDA:0,(anonymous_45)
FNDA:0,(anonymous_46)
FNDA:0,(anonymous_47)
FNDA:0,getNodeContributors
FNDA:0,filterTreeByMinimumPercentage
FNDA:0,shouldKeepNode
FNDA:0,filterNodeRecursive
FNDA:0,(anonymous_52)
FNDA:0,filterTreeByMinimumQuorum
FNDA:0,shouldKeepNode
FNDA:0,filterNodeRecursive
FNDA:0,(anonymous_56)
FNDA:0,filterTreeByMultipleCriteria
FNDA:0,shouldKeepNode
FNDA:0,(anonymous_59)
FNDA:0,(anonymous_60)
FNDA:0,filterNodeRecursive
FNDA:0,(anonymous_62)
FNDA:0,countNodesInTree
FNDA:0,filterTreeByCapacityAllocation
FNDA:0,shouldKeepNode
FNDA:0,(anonymous_66)
FNDA:0,filterNodeRecursive
FNDA:0,(anonymous_68)
FNDA:0,(anonymous_69)
FNDA:0,analyzeFilteredContributors
FNDA:0,(anonymous_71)
FNDA:0,countContributorNodes
FNDA:0,renormalizeChildrenWeights
FNDA:0,(anonymous_74)
FNDA:0,(anonymous_75)
FNDA:0,renormalizeCollectiveTree
FNDA:0,renormalizeNodeRecursive
FNDA:0,(anonymous_78)
DA:55,0
DA:57,0
DA:66,0
DA:70,0
DA:71,0
DA:75,0
DA:81,0
DA:82,0
DA:84,0
DA:90,0
DA:91,0
DA:92,0
DA:96,0
DA:98,0
DA:99,0
DA:101,0
DA:102,0
DA:103,0
DA:104,0
DA:107,0
DA:110,0
DA:112,0
DA:113,0
DA:115,0
DA:116,0
DA:117,0
DA:118,0
DA:121,0
DA:125,0
DA:126,0
DA:127,0
DA:128,0
DA:130,0
DA:131,0
DA:132,0
DA:133,0
DA:134,0
DA:135,0
DA:139,0
DA:142,0
DA:147,0
DA:150,0
DA:151,0
DA:154,0
DA:156,0
DA:157,0
DA:158,0
DA:160,0
DA:164,0
DA:165,0
DA:167,0
DA:172,0
DA:173,0
DA:177,0
DA:178,0
DA:179,0
DA:180,0
DA:184,0
DA:185,0
DA:187,0
DA:188,0
DA:189,0
DA:190,0
DA:191,0
DA:195,0
DA:197,0
DA:198,0
DA:202,0
DA:205,0
DA:207,0
DA:208,0
DA:211,0
DA:214,0
DA:218,0
DA:219,0
DA:223,0
DA:226,0
DA:227,0
DA:230,0
DA:231,0
DA:232,0
DA:235,0
DA:236,0
DA:237,0
DA:238,0
DA:241,0
DA:242,0
DA:243,0
DA:245,0
DA:246,0
DA:248,0
DA:249,0
DA:251,0
DA:252,0
DA:253,0
DA:256,0
DA:258,0
DA:260,0
DA:264,0
DA:265,0
DA:293,0
DA:294,0
DA:303,0
DA:305,0
DA:306,0
DA:308,0
DA:309,0
DA:310,0
DA:314,0
DA:318,0
DA:319,0
DA:321,0
DA:322,0
DA:323,0
DA:325,0
DA:328,0
DA:329,0
DA:331,0
DA:332,0
DA:334,0
DA:335,0
DA:338,0
DA:342,0
DA:343,0
DA:345,0
DA:346,0
DA:349,0
DA:350,0
DA:354,0
DA:359,0
DA:360,0
DA:361,0
DA:364,0
DA:371,0
DA:380,0
DA:381,0
DA:382,0
DA:384,0
DA:392,0
DA:399,0
DA:400,0
DA:402,0
DA:403,0
DA:413,0
DA:419,0
DA:420,0
DA:422,0
DA:423,0
DA:424,0
DA:426,0
DA:427,0
DA:428,0
DA:429,0
DA:432,0
DA:433,0
DA:434,0
DA:436,0
DA:441,0
DA:453,0
DA:455,0
DA:462,0
DA:463,0
DA:477,0
DA:478,0
DA:481,0
DA:482,0
DA:483,0
DA:486,0
DA:489,0
DA:490,0
DA:499,0
DA:502,0
DA:509,0
DA:510,0
DA:512,0
DA:513,0
DA:516,0
DA:517,0
DA:518,0
DA:520,0
DA:521,0
DA:523,0
DA:525,0
DA:528,0
DA:535,0
DA:536,0
DA:544,0
DA:554,0
DA:555,0
DA:556,0
DA:557,0
DA:559,0
DA:560,0
DA:561,0
DA:562,0
DA:563,0
DA:564,0
DA:568,0
DA:569,0
DA:570,0
DA:576,0
DA:577,0
DA:578,0
DA:579,0
DA:583,0
DA:585,0
DA:599,0
DA:619,0
DA:656,0
DA:660,0
DA:663,0
DA:664,0
DA:668,0
DA:669,0
DA:670,0
DA:671,0
DA:672,0
DA:674,0
DA:677,0
DA:682,0
DA:683,0
DA:691,0
DA:694,0
DA:695,0
DA:696,0
DA:700,0
DA:701,0
DA:704,0
DA:707,0
DA:708,0
DA:709,0
DA:710,0
DA:711,0
DA:714,0
DA:717,0
DA:722,0
DA:723,0
DA:726,0
DA:727,0
DA:728,0
DA:729,0
DA:733,0
DA:742,0
DA:743,0
DA:744,0
DA:748,0
DA:749,0
DA:750,0
DA:753,0
DA:756,0
DA:757,0
DA:758,0
DA:760,0
DA:762,0
DA:764,0
DA:765,0
DA:767,0
DA:768,0
DA:772,0
DA:781,0
DA:782,0
DA:785,0
DA:786,0
DA:787,0
DA:788,0
DA:792,0
DA:809,0
DA:810,0
DA:811,0
DA:818,0
DA:824,0
DA:827,0
DA:828,0
DA:832,0
DA:833,0
DA:834,0
DA:836,0
DA:838,0
DA:840,0
DA:841,0
DA:842,0
DA:843,0
DA:844,0
DA:845,0
DA:846,0
DA:850,0
DA:853,0
DA:855,0
DA:863,0
DA:864,0
DA:868,0
DA:919,0
DA:920,0
DA:921,0
DA:932,0
DA:935,0
DA:936,0
DA:937,0
DA:954,0
DA:956,0
DA:958,0
DA:959,0
DA:960,0
DA:962,0
DA:964,0
DA:966,0
DA:968,0
DA:969,0
DA:970,0
DA:972,0
DA:973,0
DA:974,0
DA:977,0
DA:987,0
DA:988,0
DA:989,0
DA:990,0
DA:991,0
DA:995,0
DA:1001,0
DA:1016,0
DA:1018,0
DA:1019,0
DA:1020,0
DA:1024,0
DA:1026,0
DA:1027,0
DA:1030,0
DA:1041,0
DA:1042,0
DA:1043,0
DA:1048,0
DA:1049,0
DA:1052,0
DA:1061,0
DA:1063,0
DA:1064,0
DA:1065,0
DA:1066,0
DA:1068,0
DA:1070,0
DA:1071,0
DA:1072,0
DA:1074,0
DA:1075,0
DA:1076,0
DA:1077,0
DA:1078,0
DA:1079,0
DA:1082,0
DA:1083,0
DA:1084,0
DA:1085,0
DA:1087,0
DA:1088,0
DA:1089,0
DA:1090,0
DA:1092,0
DA:1106,0
DA:1108,0
DA:1109,0
DA:1110,0
DA:1112,0
DA:1113,0
DA:1115,0
DA:1130,0
DA:1131,0
DA:1132,0
DA:1135,0
DA:1136,0
DA:1137,0
DA:1139,0
DA:1141,0
DA:1142,0
DA:1144,0
DA:1146,0
DA:1152,0
DA:1155,0
DA:1156,0
DA:1158,0
DA:1159,0
DA:1160,0
DA:1164,0
DA:1165,0
DA:1166,0
DA:1170,0
DA:1173,0
DA:1174,0
DA:1177,0
DA:1179,0
DA:1182,0
DA:1183,0
DA:1185,0
DA:1187,0
DA:1189,0
DA:1191,0
DA:1481,0
DA:1482,0
DA:1483,0
DA:1484,0
DA:1486,0
DA:1501,0
DA:1503,0
DA:1504,0
DA:1507,0
DA:1508,0
DA:1516,0
DA:1518,0
DA:1519,0
DA:1520,0
DA:1521,0
DA:1526,0
DA:1527,0
DA:1529,0
DA:1531,0
DA:1539,0
DA:1540,0
DA:1544,0
DA:1545,0
DA:1547,0
DA:1550,0
DA:1552,0
DA:1559,0
DA:1561,0
DA:1568,0
DA:1571,0
DA:1572,0
DA:1574,0
DA:1575,0
DA:1579,0
DA:1585,0
DA:1587,0
DA:1589,0
DA:1614,0
DA:1616,0
DA:1617,0
DA:1620,0
DA:1621,0
DA:1629,0
DA:1631,0
DA:1632,0
DA:1633,0
DA:1634,0
DA:1639,0
DA:1640,0
DA:1642,0
DA:1644,0
DA:1645,0
DA:1653,0
DA:1654,0
DA:1658,0
DA:1659,0
DA:1661,0
DA:1664,0
DA:1666,0
DA:1673,0
DA:1675,0
DA:1681,0
DA:1684,0
DA:1685,0
DA:1687,0
DA:1688,0
DA:1692,0
DA:1698,0
DA:1700,0
DA:1702,0
DA:1726,0
DA:1728,0
DA:1729,0
DA:1732,0
DA:1733,0
DA:1736,0
DA:1737,0
DA:1738,0
DA:1739,0
DA:1740,0
DA:1745,0
DA:1746,0
DA:1747,0
DA:1748,0
DA:1749,0
DA:1754,0
DA:1755,0
DA:1756,0
DA:1757,0
DA:1759,0
DA:1760,0
DA:1761,0
DA:1766,0
DA:1767,0
DA:1768,0
DA:1769,0
DA:1771,0
DA:1772,0
DA:1773,0
DA:1778,0
DA:1779,0
DA:1780,0
DA:1781,0
DA:1782,0
DA:1786,0
DA:1794,0
DA:1796,0
DA:1797,0
DA:1798,0
DA:1799,0
DA:1804,0
DA:1805,0
DA:1807,0
DA:1809,0
DA:1817,0
DA:1818,0
DA:1822,0
DA:1823,0
DA:1825,0
DA:1828,0
DA:1830,0
DA:1837,0
DA:1839,0
DA:1845,0
DA:1848,0
DA:1849,0
DA:1851,0
DA:1852,0
DA:1856,0
DA:1862,0
DA:1864,0
DA:1866,0
DA:1881,0
DA:1882,0
DA:1883,0
DA:1885,0
DA:1901,0
DA:1903,0
DA:1904,0
DA:1907,0
DA:1909,0
DA:1911,0
DA:1912,0
DA:1915,0
DA:1916,0
DA:1925,0
DA:1927,0
DA:1928,0
DA:1929,0
DA:1930,0
DA:1935,0
DA:1936,0
DA:1938,0
DA:1940,0
DA:1941,0
DA:1943,0
DA:1951,0
DA:1952,0
DA:1956,0
DA:1957,0
DA:1959,0
DA:1962,0
DA:1964,0
DA:1971,0
DA:1973,0
DA:1979,0
DA:1982,0
DA:1983,0
DA:1985,0
DA:1986,0
DA:1990,0
DA:1996,0
DA:1998,0
DA:2000,0
DA:2022,0
DA:2023,0
DA:2025,0
DA:2026,0
DA:2029,0
DA:2032,0
DA:2033,0
DA:2034,0
DA:2037,0
DA:2038,0
DA:2042,0
DA:2043,0
DA:2045,0
DA:2046,0
DA:2048,0
DA:2049,0
DA:2055,0
DA:2089,0
DA:2090,0
DA:2094,0
DA:2095,0
DA:2096,0
DA:2100,0
DA:2101,0
DA:2105,0
DA:2106,0
DA:2107,0
DA:2111,0
DA:2112,0
DA:2114,0
DA:2117,0
DA:2118,0
DA:2125,0
DA:2138,0
DA:2139,0
DA:2143,0
DA:2148,0
DA:2151,0
DA:2153,0
LF:609
LH:0
BRDA:81,0,0,0
BRDA:81,0,1,0
BRDA:81,1,0,0
BRDA:81,1,1,0
BRDA:90,2,0,0
BRDA:90,2,1,0
BRDA:90,3,0,0
BRDA:90,3,1,0
BRDA:96,4,0,0
BRDA:96,4,1,0
BRDA:96,5,0,0
BRDA:96,5,1,0
BRDA:102,6,0,0
BRDA:102,6,1,0
BRDA:110,7,0,0
BRDA:110,7,1,0
BRDA:110,8,0,0
BRDA:110,8,1,0
BRDA:116,9,0,0
BRDA:116,9,1,0
BRDA:125,10,0,0
BRDA:125,10,1,0
BRDA:125,11,0,0
BRDA:125,11,1,0
BRDA:132,12,0,0
BRDA:132,12,1,0
BRDA:133,13,0,0
BRDA:133,13,1,0
BRDA:151,14,0,0
BRDA:151,14,1,0
BRDA:156,15,0,0
BRDA:156,15,1,0
BRDA:156,16,0,0
BRDA:156,16,1,0
BRDA:164,17,0,0
BRDA:164,17,1,0
BRDA:172,18,0,0
BRDA:172,18,1,0
BRDA:177,19,0,0
BRDA:177,19,1,0
BRDA:207,20,0,0
BRDA:207,20,1,0
BRDA:226,21,0,0
BRDA:226,21,1,0
BRDA:245,22,0,0
BRDA:245,22,1,0
BRDA:251,23,0,0
BRDA:251,23,1,0
BRDA:251,24,0,0
BRDA:251,24,1,0
BRDA:253,25,0,0
BRDA:253,25,1,0
BRDA:303,26,0,0
BRDA:303,26,1,0
BRDA:309,27,0,0
BRDA:309,27,1,0
BRDA:311,28,0,0
BRDA:311,28,1,0
BRDA:323,29,0,0
BRDA:323,29,1,0
BRDA:329,30,0,0
BRDA:329,30,1,0
BRDA:332,31,0,0
BRDA:332,31,1,0
BRDA:343,32,0,0
BRDA:343,32,1,0
BRDA:382,33,0,0
BRDA:382,33,1,0
BRDA:427,34,0,0
BRDA:427,34,1,0
BRDA:433,35,0,0
BRDA:433,35,1,0
BRDA:433,36,0,0
BRDA:433,36,1,0
BRDA:462,37,0,0
BRDA:462,37,1,0
BRDA:489,38,0,0
BRDA:489,38,1,0
BRDA:509,39,0,0
BRDA:509,39,1,0
BRDA:510,40,0,0
BRDA:510,40,1,0
BRDA:510,40,2,0
BRDA:520,41,0,0
BRDA:520,41,1,0
BRDA:568,42,0,0
BRDA:568,42,1,0
BRDA:583,43,0,0
BRDA:583,43,1,0
BRDA:621,44,0,0
BRDA:621,44,1,0
BRDA:658,45,0,0
BRDA:664,46,0,0
BRDA:664,46,1,0
BRDA:669,47,0,0
BRDA:669,47,1,0
BRDA:671,48,0,0
BRDA:671,48,1,0
BRDA:695,49,0,0
BRDA:695,49,1,0
BRDA:704,50,0,0
BRDA:704,50,1,0
BRDA:707,51,0,0
BRDA:707,51,1,0
BRDA:708,52,0,0
BRDA:708,52,1,0
BRDA:710,53,0,0
BRDA:710,53,1,0
BRDA:722,54,0,0
BRDA:722,54,1,0
BRDA:728,55,0,0
BRDA:728,55,1,0
BRDA:743,56,0,0
BRDA:743,56,1,0
BRDA:749,57,0,0
BRDA:749,57,1,0
BRDA:749,58,0,0
BRDA:749,58,1,0
BRDA:760,59,0,0
BRDA:760,59,1,0
BRDA:762,60,0,0
BRDA:762,60,1,0
BRDA:764,61,0,0
BRDA:764,61,1,0
BRDA:765,62,0,0
BRDA:765,62,1,0
BRDA:767,63,0,0
BRDA:767,63,1,0
BRDA:779,64,0,0
BRDA:781,65,0,0
BRDA:781,65,1,0
BRDA:787,66,0,0
BRDA:787,66,1,0
BRDA:810,67,0,0
BRDA:810,67,1,0
BRDA:836,68,0,0
BRDA:836,68,1,0
BRDA:841,69,0,0
BRDA:841,69,1,0
BRDA:842,70,0,0
BRDA:842,70,1,0
BRDA:844,71,0,0
BRDA:844,71,1,0
BRDA:845,72,0,0
BRDA:845,72,1,0
BRDA:920,73,0,0
BRDA:920,73,1,0
BRDA:932,74,0,0
BRDA:932,74,1,0
BRDA:936,75,0,0
BRDA:936,75,1,0
BRDA:962,76,0,0
BRDA:962,76,1,0
BRDA:966,77,0,0
BRDA:966,77,1,0
BRDA:970,78,0,0
BRDA:970,78,1,0
BRDA:972,79,0,0
BRDA:972,79,1,0
BRDA:988,80,0,0
BRDA:988,80,1,0
BRDA:990,81,0,0
BRDA:990,81,1,0
BRDA:991,82,0,0
BRDA:991,82,1,0
BRDA:1026,83,0,0
BRDA:1026,83,1,0
BRDA:1042,84,0,0
BRDA:1042,84,1,0
BRDA:1042,85,0,0
BRDA:1042,85,1,0
BRDA:1048,86,0,0
BRDA:1048,86,1,0
BRDA:1049,87,0,0
BRDA:1049,87,1,0
BRDA:1052,88,0,0
BRDA:1052,88,1,0
BRDA:1136,89,0,0
BRDA:1136,89,1,0
BRDA:1137,90,0,0
BRDA:1137,90,1,0
BRDA:1145,91,0,0
BRDA:1145,91,1,0
BRDA:1151,92,0,0
BRDA:1155,93,0,0
BRDA:1155,93,1,0
BRDA:1165,94,0,0
BRDA:1165,94,1,0
BRDA:1179,95,0,0
BRDA:1179,95,1,0
BRDA:1481,96,0,0
BRDA:1481,96,1,0
BRDA:1482,97,0,0
BRDA:1482,97,1,0
BRDA:1483,98,0,0
BRDA:1483,98,1,0
BRDA:1484,99,0,0
BRDA:1484,99,1,0
BRDA:1493,100,0,0
BRDA:1507,101,0,0
BRDA:1507,101,1,0
BRDA:1520,102,0,0
BRDA:1520,102,1,0
BRDA:1529,103,0,0
BRDA:1529,103,1,0
BRDA:1529,104,0,0
BRDA:1529,104,1,0
BRDA:1535,105,0,0
BRDA:1535,105,1,0
BRDA:1539,106,0,0
BRDA:1539,106,1,0
BRDA:1550,107,0,0
BRDA:1550,107,1,0
BRDA:1550,108,0,0
BRDA:1550,108,1,0
BRDA:1550,108,2,0
BRDA:1559,109,0,0
BRDA:1559,109,1,0
BRDA:1574,110,0,0
BRDA:1574,110,1,0
BRDA:1606,111,0,0
BRDA:1633,112,0,0
BRDA:1633,112,1,0
BRDA:1642,113,0,0
BRDA:1642,113,1,0
BRDA:1642,114,0,0
BRDA:1642,114,1,0
BRDA:1649,115,0,0
BRDA:1649,115,1,0
BRDA:1653,116,0,0
BRDA:1653,116,1,0
BRDA:1664,117,0,0
BRDA:1664,117,1,0
BRDA:1664,118,0,0
BRDA:1664,118,1,0
BRDA:1664,118,2,0
BRDA:1673,119,0,0
BRDA:1673,119,1,0
BRDA:1687,120,0,0
BRDA:1687,120,1,0
BRDA:1736,121,0,0
BRDA:1736,121,1,0
BRDA:1737,122,0,0
BRDA:1737,122,1,0
BRDA:1738,123,0,0
BRDA:1738,123,1,0
BRDA:1745,124,0,0
BRDA:1745,124,1,0
BRDA:1747,125,0,0
BRDA:1747,125,1,0
BRDA:1754,126,0,0
BRDA:1754,126,1,0
BRDA:1754,127,0,0
BRDA:1754,127,1,0
BRDA:1759,128,0,0
BRDA:1759,128,1,0
BRDA:1766,129,0,0
BRDA:1766,129,1,0
BRDA:1766,130,0,0
BRDA:1766,130,1,0
BRDA:1771,131,0,0
BRDA:1771,131,1,0
BRDA:1778,132,0,0
BRDA:1778,132,1,0
BRDA:1780,133,0,0
BRDA:1780,133,1,0
BRDA:1798,134,0,0
BRDA:1798,134,1,0
BRDA:1807,135,0,0
BRDA:1807,135,1,0
BRDA:1807,136,0,0
BRDA:1807,136,1,0
BRDA:1813,137,0,0
BRDA:1813,137,1,0
BRDA:1817,138,0,0
BRDA:1817,138,1,0
BRDA:1828,139,0,0
BRDA:1828,139,1,0
BRDA:1828,140,0,0
BRDA:1828,140,1,0
BRDA:1828,140,2,0
BRDA:1837,141,0,0
BRDA:1837,141,1,0
BRDA:1851,142,0,0
BRDA:1851,142,1,0
BRDA:1907,143,0,0
BRDA:1907,143,1,0
BRDA:1909,144,0,0
BRDA:1909,144,1,0
BRDA:1911,145,0,0
BRDA:1911,145,1,0
BRDA:1929,146,0,0
BRDA:1929,146,1,0
BRDA:1938,147,0,0
BRDA:1938,147,1,0
BRDA:1938,148,0,0
BRDA:1938,148,1,0
BRDA:1940,149,0,0
BRDA:1940,149,1,0
BRDA:1947,150,0,0
BRDA:1947,150,1,0
BRDA:1951,151,0,0
BRDA:1951,151,1,0
BRDA:1962,152,0,0
BRDA:1962,152,1,0
BRDA:1962,153,0,0
BRDA:1962,153,1,0
BRDA:1971,154,0,0
BRDA:1971,154,1,0
BRDA:1985,155,0,0
BRDA:1985,155,1,0
BRDA:2034,156,0,0
BRDA:2034,156,1,0
BRDA:2050,157,0,0
BRDA:2050,157,1,0
BRDA:2051,158,0,0
BRDA:2051,158,1,0
BRDA:2089,159,0,0
BRDA:2089,159,1,0
BRDA:2095,160,0,0
BRDA:2095,160,1,0
BRDA:2100,161,0,0
BRDA:2100,161,1,0
BRDA:2105,162,0,0
BRDA:2105,162,1,0
BRDA:2112,163,0,0
BRDA:2112,163,1,0
BRF:327
BRH:0
end_of_record
TN:
SF:src/lib/config.ts
FN:141,(anonymous_0)
FN:147,(anonymous_1)
FN:153,(anonymous_2)
FN:159,(anonymous_3)
FN:165,(anonymous_4)
FN:171,(anonymous_5)
FN:177,(anonymous_6)
FN:183,(anonymous_7)
FN:189,(anonymous_8)
FN:195,(anonymous_9)
FN:208,(anonymous_10)
FN:221,(anonymous_11)
FNF:12
FNH:0
FNDA:0,(anonymous_0)
FNDA:0,(anonymous_1)
FNDA:0,(anonymous_2)
FNDA:0,(anonymous_3)
FNDA:0,(anonymous_4)
FNDA:0,(anonymous_5)
FNDA:0,(anonymous_6)
FNDA:0,(anonymous_7)
FNDA:0,(anonymous_8)
FNDA:0,(anonymous_9)
FNDA:0,(anonymous_10)
FNDA:0,(anonymous_11)
DA:4,0
DA:49,0
DA:59,0
DA:67,0
DA:74,0
DA:81,0
DA:91,0
DA:101,0
DA:111,0
DA:121,0
DA:126,0
DA:127,0
DA:140,0
DA:142,0
DA:143,0
DA:144,0
DA:145,0
DA:148,0
DA:149,0
DA:150,0
DA:151,0
DA:154,0
DA:155,0
DA:156,0
DA:157,0
DA:160,0
DA:161,0
DA:162,0
DA:163,0
DA:166,0
DA:167,0
DA:168,0
DA:169,0
DA:172,0
DA:173,0
DA:174,0
DA:175,0
DA:178,0
DA:179,0
DA:180,0
DA:181,0
DA:184,0
DA:185,0
DA:186,0
DA:187,0
DA:190,0
DA:191,0
DA:192,0
DA:193,0
DA:196,0
DA:209,0
DA:210,0
DA:211,0
DA:212,0
DA:213,0
DA:214,0
DA:215,0
DA:216,0
DA:217,0
DA:218,0
DA:219,0
DA:222,0
DA:223,0
DA:224,0
DA:225,0
DA:226,0
DA:227,0
DA:228,0
DA:229,0
DA:230,0
DA:231,0
DA:232,0
DA:236,0
DA:237,0
DA:238,0
LF:75
LH:0
BRDA:8,0,0,0
BRDA:8,0,1,0
BRDA:18,1,0,0
BRDA:18,1,1,0
BRDA:24,2,0,0
BRDA:24,2,1,0
BRDA:49,3,0,0
BRDA:49,3,1,0
BRDA:49,3,2,0
BRDA:59,4,0,0
BRDA:59,4,1,0
BRDA:59,4,2,0
BRDA:67,5,0,0
BRDA:67,5,1,0
BRDA:67,5,2,0
BRDA:74,6,0,0
BRDA:74,6,1,0
BRDA:74,6,2,0
BRDA:81,7,0,0
BRDA:81,7,1,0
BRDA:81,7,2,0
BRDA:91,8,0,0
BRDA:91,8,1,0
BRDA:91,8,2,0
BRDA:101,9,0,0
BRDA:101,9,1,0
BRDA:101,9,2,0
BRDA:111,10,0,0
BRDA:111,10,1,0
BRDA:111,10,2,0
BRDA:121,11,0,0
BRDA:121,11,1,0
BRDA:121,11,2,0
BRDA:126,12,0,0
BRDA:126,12,1,0
BRDA:126,13,0,0
BRDA:126,13,1,0
BRF:37
BRH:0
end_of_record
TN:
SF:src/lib/filters.ts
FN:33,filter
FN:38,(anonymous_1)
FN:47,(anonymous_2)
FN:48,(anonymous_3)
FN:49,(anonymous_4)
FN:52,(anonymous_5)
FN:53,(anonymous_6)
FN:54,(anonymous_7)
FN:57,(anonymous_8)
FN:58,(anonymous_9)
FN:64,(anonymous_10)
FN:65,(anonymous_11)
FN:69,(anonymous_12)
FN:70,(anonymous_13)
FN:74,(anonymous_14)
FN:75,(anonymous_15)
FN:88,(anonymous_16)
FN:92,(anonymous_17)
FN:96,(anonymous_18)
FN:102,(anonymous_19)
FN:111,(anonymous_20)
FN:116,(anonymous_21)
FN:120,(anonymous_22)
FN:124,(anonymous_23)
FN:134,ruleToFilter
FN:135,(anonymous_25)
FN:156,applyCapacityFilter
FN:169,normalizeShareMap
FN:170,(anonymous_28)
FN:173,(anonymous_29)
FNF:30
FNH:0
FNDA:0,filter
FNDA:0,(anonymous_1)
FNDA:0,(anonymous_2)
FNDA:0,(anonymous_3)
FNDA:0,(anonymous_4)
FNDA:0,(anonymous_5)
FNDA:0,(anonymous_6)
FNDA:0,(anonymous_7)
FNDA:0,(anonymous_8)
FNDA:0,(anonymous_9)
FNDA:0,(anonymous_10)
FNDA:0,(anonymous_11)
FNDA:0,(anonymous_12)
FNDA:0,(anonymous_13)
FNDA:0,(anonymous_14)
FNDA:0,(anonymous_15)
FNDA:0,(anonymous_16)
FNDA:0,(anonymous_17)
FNDA:0,(anonymous_18)
FNDA:0,(anonymous_19)
FNDA:0,(anonymous_20)
FNDA:0,(anonymous_21)
FNDA:0,(anonymous_22)
FNDA:0,(anonymous_23)
FNDA:0,ruleToFilter
FNDA:0,(anonymous_25)
FNDA:0,applyCapacityFilter
FNDA:0,normalizeShareMap
FNDA:0,(anonymous_28)
FNDA:0,(anonymous_29)
DA:38,0
DA:39,0
DA:42,0
DA:47,0
DA:48,0
DA:49,0
DA:52,0
DA:53,0
DA:54,0
DA:57,0
DA:58,0
DA:59,0
DA:62,0
DA:65,0
DA:66,0
DA:70,0
DA:71,0
DA:75,0
DA:76,0
DA:87,0
DA:88,0
DA:92,0
DA:96,0
DA:102,0
DA:111,0
DA:116,0
DA:120,0
DA:124,0
DA:135,0
DA:136,0
DA:141,0
DA:161,0
DA:162,0
DA:165,0
DA:170,0
DA:171,0
DA:173,0
LF:37
LH:0
BRDA:135,0,0,0
BRDA:161,1,0,0
BRDA:161,1,1,0
BRDA:171,2,0,0
BRDA:171,2,1,0
BRF:5
BRH:0
end_of_record
TN:
SF:src/lib/global.svelte.ts
FN:32,(anonymous_0)
FN:97,(anonymous_1)
FN:108,(anonymous_2)
FN:121,(anonymous_3)
FN:148,(anonymous_4)
FN:161,(anonymous_5)
FN:166,(anonymous_6)
FN:195,(anonymous_7)
FN:206,(anonymous_8)
FN:229,(anonymous_9)
FN:252,(anonymous_10)
FN:281,(anonymous_11)
FN:297,(anonymous_12)
FN:306,(anonymous_13)
FN:336,(anonymous_14)
FN:366,(anonymous_15)
FN:390,(anonymous_16)
FN:399,(anonymous_17)
FN:404,(anonymous_18)
FN:414,(anonymous_19)
FN:421,(anonymous_20)
FN:427,(anonymous_21)
FN:447,(anonymous_22)
FN:519,(anonymous_23)
FN:525,(anonymous_24)
FN:532,(anonymous_25)
FN:545,(anonymous_26)
FN:559,(anonymous_27)
FN:564,(anonymous_28)
FN:569,(anonymous_29)
FN:578,(anonymous_30)
FN:582,(anonymous_31)
FN:596,(anonymous_32)
FN:606,(anonymous_33)
FN:610,(anonymous_34)
FN:615,(anonymous_35)
FN:620,(anonymous_36)
FN:628,(anonymous_37)
FN:635,(anonymous_38)
FN:643,(anonymous_39)
FN:650,(anonymous_40)
FN:657,(anonymous_41)
FN:664,(anonymous_42)
FN:669,(anonymous_43)
FN:674,(anonymous_44)
FN:682,(anonymous_45)
FNF:46
FNH:0
FNDA:0,(anonymous_0)
FNDA:0,(anonymous_1)
FNDA:0,(anonymous_2)
FNDA:0,(anonymous_3)
FNDA:0,(anonymous_4)
FNDA:0,(anonymous_5)
FNDA:0,(anonymous_6)
FNDA:0,(anonymous_7)
FNDA:0,(anonymous_8)
FNDA:0,(anonymous_9)
FNDA:0,(anonymous_10)
FNDA:0,(anonymous_11)
FNDA:0,(anonymous_12)
FNDA:0,(anonymous_13)
FNDA:0,(anonymous_14)
FNDA:0,(anonymous_15)
FNDA:0,(anonymous_16)
FNDA:0,(anonymous_17)
FNDA:0,(anonymous_18)
FNDA:0,(anonymous_19)
FNDA:0,(anonymous_20)
FNDA:0,(anonymous_21)
FNDA:0,(anonymous_22)
FNDA:0,(anonymous_23)
FNDA:0,(anonymous_24)
FNDA:0,(anonymous_25)
FNDA:0,(anonymous_26)
FNDA:0,(anonymous_27)
FNDA:0,(anonymous_28)
FNDA:0,(anonymous_29)
FNDA:0,(anonymous_30)
FNDA:0,(anonymous_31)
FNDA:0,(anonymous_32)
FNDA:0,(anonymous_33)
FNDA:0,(anonymous_34)
FNDA:0,(anonymous_35)
FNDA:0,(anonymous_36)
FNDA:0,(anonymous_37)
FNDA:0,(anonymous_38)
FNDA:0,(anonymous_39)
FNDA:0,(anonymous_40)
FNDA:0,(anonymous_41)
FNDA:0,(anonymous_42)
FNDA:0,(anonymous_43)
FNDA:0,(anonymous_44)
FNDA:0,(anonymous_45)
DA:26,0
DA:29,0
DA:31,0
DA:32,0
DA:33,0
DA:35,0
DA:36,0
DA:37,0
DA:38,0
DA:40,0
DA:41,0
DA:48,0
DA:99,0
DA:100,0
DA:101,0
DA:104,0
DA:105,0
DA:106,0
DA:110,0
DA:111,0
DA:112,0
DA:115,0
DA:116,0
DA:117,0
DA:118,0
DA:123,0
DA:124,0
DA:125,0
DA:128,0
DA:129,0
DA:131,0
DA:134,0
DA:135,0
DA:138,0
DA:139,0
DA:140,0
DA:144,0
DA:150,0
DA:151,0
DA:152,0
DA:155,0
DA:156,0
DA:157,0
DA:162,0
DA:163,0
DA:167,0
DA:168,0
DA:169,0
DA:170,0
DA:171,0
DA:172,0
DA:173,0
DA:174,0
DA:175,0
DA:176,0
DA:177,0
DA:178,0
DA:179,0
DA:182,0
DA:183,0
DA:184,0
DA:185,0
DA:186,0
DA:187,0
DA:188,0
DA:189,0
DA:190,0
DA:191,0
DA:194,0
DA:195,0
DA:196,0
DA:208,0
DA:209,0
DA:210,0
DA:214,0
DA:215,0
DA:216,0
DA:219,0
DA:220,0
DA:231,0
DA:232,0
DA:233,0
DA:237,0
DA:238,0
DA:239,0
DA:242,0
DA:243,0
DA:254,0
DA:255,0
DA:256,0
DA:260,0
DA:261,0
DA:262,0
DA:266,0
DA:267,0
DA:268,0
DA:271,0
DA:272,0
DA:282,0
DA:285,0
DA:286,0
DA:287,0
DA:291,0
DA:292,0
DA:294,0
DA:296,0
DA:297,0
DA:298,0
DA:299,0
DA:308,0
DA:309,0
DA:310,0
DA:314,0
DA:315,0
DA:316,0
DA:320,0
DA:321,0
DA:325,0
DA:326,0
DA:329,0
DA:330,0
DA:331,0
DA:332,0
DA:337,0
DA:344,0
DA:348,0
DA:349,0
DA:350,0
DA:352,0
DA:358,0
DA:359,0
DA:360,0
DA:361,0
DA:362,0
DA:367,0
DA:369,0
DA:370,0
DA:372,0
DA:373,0
DA:375,0
DA:379,0
DA:382,0
DA:385,0
DA:391,0
DA:392,0
DA:393,0
DA:394,0
DA:395,0
DA:396,0
DA:400,0
DA:401,0
DA:405,0
DA:406,0
DA:407,0
DA:408,0
DA:409,0
DA:410,0
DA:416,0
DA:418,0
DA:422,0
DA:424,0
DA:433,0
DA:434,0
DA:438,0
DA:439,0
DA:440,0
DA:441,0
DA:443,0
DA:448,0
DA:449,0
DA:450,0
DA:451,0
DA:452,0
DA:456,0
DA:457,0
DA:458,0
DA:462,0
DA:465,0
DA:466,0
DA:467,0
DA:471,0
DA:472,0
DA:474,0
DA:475,0
DA:476,0
DA:479,0
DA:480,0
DA:481,0
DA:485,0
DA:486,0
DA:490,0
DA:494,0
DA:496,0
DA:497,0
DA:498,0
DA:502,0
DA:504,0
DA:505,0
DA:506,0
DA:508,0
DA:509,0
DA:510,0
DA:520,0
DA:521,0
DA:526,0
DA:527,0
DA:528,0
DA:538,0
DA:539,0
DA:540,0
DA:541,0
DA:546,0
DA:547,0
DA:548,0
DA:549,0
DA:550,0
DA:551,0
DA:552,0
DA:553,0
DA:554,0
DA:555,0
DA:560,0
DA:565,0
DA:570,0
DA:579,0
DA:582,0
DA:583,0
DA:585,0
DA:587,0
DA:593,0
DA:594,0
DA:596,0
DA:598,0
DA:606,0
DA:611,0
DA:616,0
DA:621,0
DA:624,0
DA:627,0
DA:628,0
DA:629,0
DA:636,0
DA:639,0
DA:642,0
DA:643,0
DA:644,0
DA:651,0
DA:652,0
DA:653,0
DA:658,0
DA:659,0
DA:660,0
DA:665,0
DA:670,0
DA:675,0
DA:676,0
DA:683,0
LF:257
LH:0
BRDA:29,0,0,0
BRDA:29,0,1,0
BRDA:33,1,0,0
BRDA:33,1,1,0
BRDA:33,2,0,0
BRDA:33,2,1,0
BRDA:38,3,0,0
BRDA:38,3,1,0
BRDA:38,4,0,0
BRDA:38,4,1,0
BRDA:99,5,0,0
BRDA:99,5,1,0
BRDA:105,6,0,0
BRDA:105,6,1,0
BRDA:105,7,0,0
BRDA:105,7,1,0
BRDA:110,8,0,0
BRDA:110,8,1,0
BRDA:116,9,0,0
BRDA:116,9,1,0
BRDA:116,10,0,0
BRDA:116,10,1,0
BRDA:117,11,0,0
BRDA:117,11,1,0
BRDA:123,12,0,0
BRDA:123,12,1,0
BRDA:131,13,0,0
BRDA:131,13,1,0
BRDA:135,14,0,0
BRDA:135,14,1,0
BRDA:138,15,0,0
BRDA:138,15,1,0
BRDA:150,16,0,0
BRDA:150,16,1,0
BRDA:156,17,0,0
BRDA:156,17,1,0
BRDA:194,18,0,0
BRDA:194,18,1,0
BRDA:208,19,0,0
BRDA:208,19,1,0
BRDA:214,20,0,0
BRDA:214,20,1,0
BRDA:221,21,0,0
BRDA:221,21,1,0
BRDA:224,22,0,0
BRDA:224,22,1,0
BRDA:231,23,0,0
BRDA:231,23,1,0
BRDA:237,24,0,0
BRDA:237,24,1,0
BRDA:244,25,0,0
BRDA:244,25,1,0
BRDA:247,26,0,0
BRDA:247,26,1,0
BRDA:254,27,0,0
BRDA:254,27,1,0
BRDA:260,28,0,0
BRDA:260,28,1,0
BRDA:266,29,0,0
BRDA:266,29,1,0
BRDA:273,30,0,0
BRDA:273,30,1,0
BRDA:276,31,0,0
BRDA:276,31,1,0
BRDA:285,32,0,0
BRDA:285,32,1,0
BRDA:296,33,0,0
BRDA:296,33,1,0
BRDA:298,34,0,0
BRDA:298,34,1,0
BRDA:308,35,0,0
BRDA:308,35,1,0
BRDA:314,36,0,0
BRDA:314,36,1,0
BRDA:320,37,0,0
BRDA:320,37,1,0
BRDA:325,38,0,0
BRDA:325,38,1,0
BRDA:325,39,0,0
BRDA:325,39,1,0
BRDA:344,40,0,0
BRDA:344,40,1,0
BRDA:345,41,0,0
BRDA:345,41,1,0
BRDA:366,42,0,0
BRDA:367,43,0,0
BRDA:367,43,1,0
BRDA:367,43,2,0
BRDA:367,43,3,0
BRDA:367,43,4,0
BRDA:433,44,0,0
BRDA:433,44,1,0
BRDA:438,45,0,0
BRDA:438,45,1,0
BRDA:440,46,0,0
BRDA:440,46,1,0
BRDA:450,47,0,0
BRDA:450,47,1,0
BRDA:456,48,0,0
BRDA:456,48,1,0
BRDA:465,49,0,0
BRDA:465,49,1,0
BRDA:474,50,0,0
BRDA:474,50,1,0
BRDA:479,51,0,0
BRDA:479,51,1,0
BRDA:485,52,0,0
BRDA:485,52,1,0
BRDA:496,53,0,0
BRDA:496,53,1,0
BRDA:521,54,0,0
BRDA:521,54,1,0
BRDA:528,55,0,0
BRDA:528,55,1,0
BRDA:579,56,0,0
BRDA:579,56,1,0
BRDA:582,57,0,0
BRDA:585,58,0,0
BRDA:585,58,1,0
BRDA:594,59,0,0
BRDA:594,59,1,0
BRDA:627,60,0,0
BRDA:627,60,1,0
BRDA:642,61,0,0
BRDA:642,61,1,0
BRF:125
BRH:0
end_of_record
TN:
SF:src/lib/membership.svelte.ts
FN:961,(anonymous_0)
FN:966,(anonymous_1)
FN:973,(anonymous_2)
FN:980,(anonymous_3)
FN:998,(anonymous_4)
FN:1003,(anonymous_5)
FN:1032,(anonymous_6)
FN:1075,(anonymous_7)
FN:1092,(anonymous_8)
FN:1098,(anonymous_9)
FN:1104,(anonymous_10)
FN:1110,(anonymous_11)
FN:1116,(anonymous_12)
FN:1117,(anonymous_13)
FN:1120,(anonymous_14)
FN:1121,(anonymous_15)
FN:1124,(anonymous_16)
FN:1134,(anonymous_17)
FN:1150,calculateHealthMetrics
FN:1151,(anonymous_19)
FN:1155,(anonymous_20)
FN:1159,(anonymous_21)
FN:1159,(anonymous_22)
FN:1160,(anonymous_23)
FN:1163,(anonymous_24)
FN:1166,(anonymous_25)
FN:1168,(anonymous_26)
FN:1173,(anonymous_27)
FN:1177,(anonymous_28)
FN:1178,(anonymous_29)
FN:1179,(anonymous_30)
FN:1214,updateCapacityMembership
FN:1251,(anonymous_32)
FN:1254,(anonymous_33)
FN:1269,(anonymous_34)
FN:1332,forceUpdateCapacityMembership
FNF:36
FNH:0
FNDA:0,(anonymous_0)
FNDA:0,(anonymous_1)
FNDA:0,(anonymous_2)
FNDA:0,(anonymous_3)
FNDA:0,(anonymous_4)
FNDA:0,(anonymous_5)
FNDA:0,(anonymous_6)
FNDA:0,(anonymous_7)
FNDA:0,(anonymous_8)
FNDA:0,(anonymous_9)
FNDA:0,(anonymous_10)
FNDA:0,(anonymous_11)
FNDA:0,(anonymous_12)
FNDA:0,(anonymous_13)
FNDA:0,(anonymous_14)
FNDA:0,(anonymous_15)
FNDA:0,(anonymous_16)
FNDA:0,(anonymous_17)
FNDA:0,calculateHealthMetrics
FNDA:0,(anonymous_19)
FNDA:0,(anonymous_20)
FNDA:0,(anonymous_21)
FNDA:0,(anonymous_22)
FNDA:0,(anonymous_23)
FNDA:0,(anonymous_24)
FNDA:0,(anonymous_25)
FNDA:0,(anonymous_26)
FNDA:0,(anonymous_27)
FNDA:0,(anonymous_28)
FNDA:0,(anonymous_29)
FNDA:0,(anonymous_30)
FNDA:0,updateCapacityMembership
FNDA:0,(anonymous_32)
FNDA:0,(anonymous_33)
FNDA:0,(anonymous_34)
FNDA:0,forceUpdateCapacityMembership
DA:954,0
DA:959,0
DA:962,0
DA:963,0
DA:967,0
DA:968,0
DA:970,0
DA:974,0
DA:975,0
DA:977,0
DA:985,0
DA:986,0
DA:988,0
DA:989,0
DA:990,0
DA:992,0
DA:993,0
DA:994,0
DA:998,0
DA:999,0
DA:1003,0
DA:1004,0
DA:1005,0
DA:1006,0
DA:1007,0
DA:1008,0
DA:1012,0
DA:1013,0
DA:1014,0
DA:1015,0
DA:1018,0
DA:1019,0
DA:1020,0
DA:1023,0
DA:1024,0
DA:1025,0
DA:1027,0
DA:1028,0
DA:1029,0
DA:1031,0
DA:1032,0
DA:1036,0
DA:1037,0
DA:1038,0
DA:1039,0
DA:1040,0
DA:1041,0
DA:1042,0
DA:1047,0
DA:1048,0
DA:1049,0
DA:1053,0
DA:1057,0
DA:1058,0
DA:1059,0
DA:1060,0
DA:1063,0
DA:1067,0
DA:1068,0
DA:1069,0
DA:1070,0
DA:1071,0
DA:1075,0
DA:1078,0
DA:1088,0
DA:1089,0
DA:1093,0
DA:1094,0
DA:1095,0
DA:1099,0
DA:1100,0
DA:1101,0
DA:1105,0
DA:1106,0
DA:1107,0
DA:1111,0
DA:1112,0
DA:1113,0
DA:1117,0
DA:1121,0
DA:1128,0
DA:1129,0
DA:1130,0
DA:1131,0
DA:1134,0
DA:1135,0
DA:1137,0
DA:1138,0
DA:1139,0
DA:1140,0
DA:1141,0
DA:1145,0
DA:1151,0
DA:1152,0
DA:1153,0
DA:1155,0
DA:1156,0
DA:1157,0
DA:1159,0
DA:1160,0
DA:1161,0
DA:1162,0
DA:1163,0
DA:1164,0
DA:1166,0
DA:1167,0
DA:1168,0
DA:1169,0
DA:1170,0
DA:1173,0
DA:1174,0
DA:1175,0
DA:1177,0
DA:1178,0
DA:1179,0
DA:1181,0
DA:1231,0
DA:1232,0
DA:1233,0
DA:1236,0
DA:1237,0
DA:1240,0
DA:1241,0
DA:1242,0
DA:1243,0
DA:1251,0
DA:1252,0
DA:1254,0
DA:1257,0
DA:1258,0
DA:1259,0
DA:1261,0
DA:1262,0
DA:1263,0
DA:1268,0
DA:1269,0
DA:1273,0
DA:1301,0
DA:1304,0
DA:1307,0
DA:1310,0
DA:1311,0
DA:1315,0
DA:1316,0
DA:1317,0
DA:1319,0
DA:1350,0
LF:147
LH:0
BRDA:961,0,0,0
BRDA:961,1,0,0
BRDA:967,2,0,0
BRDA:967,2,1,0
BRDA:967,3,0,0
BRDA:967,3,1,0
BRDA:974,4,0,0
BRDA:974,4,1,0
BRDA:974,5,0,0
BRDA:974,5,1,0
BRDA:989,6,0,0
BRDA:989,6,1,0
BRDA:999,7,0,0
BRDA:999,7,1,0
BRDA:1004,8,0,0
BRDA:1004,8,1,0
BRDA:1008,9,0,0
BRDA:1008,9,1,0
BRDA:1013,10,0,0
BRDA:1013,10,1,0
BRDA:1027,11,0,0
BRDA:1027,11,1,0
BRDA:1039,12,0,0
BRDA:1039,12,1,0
BRDA:1041,13,0,0
BRDA:1041,13,1,0
BRDA:1048,14,0,0
BRDA:1048,14,1,0
BRDA:1057,15,0,0
BRDA:1057,15,1,0
BRDA:1059,16,0,0
BRDA:1059,16,1,0
BRDA:1060,17,0,0
BRDA:1060,17,1,0
BRDA:1063,18,0,0
BRDA:1063,18,1,0
BRDA:1069,19,0,0
BRDA:1069,19,1,0
BRDA:1069,20,0,0
BRDA:1069,20,1,0
BRDA:1093,21,0,0
BRDA:1093,21,1,0
BRDA:1099,22,0,0
BRDA:1099,22,1,0
BRDA:1101,23,0,0
BRDA:1101,23,1,0
BRDA:1105,24,0,0
BRDA:1105,24,1,0
BRDA:1107,25,0,0
BRDA:1107,25,1,0
BRDA:1111,26,0,0
BRDA:1111,26,1,0
BRDA:1121,27,0,0
BRDA:1121,27,1,0
BRDA:1130,28,0,0
BRDA:1130,28,1,0
BRDA:1134,29,0,0
BRDA:1134,29,1,0
BRDA:1138,30,0,0
BRDA:1138,30,1,0
BRDA:1141,31,0,0
BRDA:1141,31,1,0
BRDA:1151,32,0,0
BRDA:1151,32,1,0
BRDA:1157,33,0,0
BRDA:1157,33,1,0
BRDA:1159,34,0,0
BRDA:1159,34,1,0
BRDA:1161,35,0,0
BRDA:1161,35,1,0
BRDA:1167,36,0,0
BRDA:1167,36,1,0
BRDA:1170,37,0,0
BRDA:1170,37,1,0
BRDA:1174,38,0,0
BRDA:1174,38,1,0
BRDA:1175,39,0,0
BRDA:1175,39,1,0
BRDA:1177,40,0,0
BRDA:1177,40,1,0
BRDA:1179,41,0,0
BRDA:1179,41,1,0
BRDA:1217,42,0,0
BRDA:1218,43,0,0
BRDA:1231,44,0,0
BRDA:1231,44,1,0
BRDA:1232,45,0,0
BRDA:1232,45,1,0
BRDA:1233,46,0,0
BRDA:1233,46,1,0
BRDA:1242,47,0,0
BRDA:1242,47,1,0
BRDA:1242,48,0,0
BRDA:1242,48,1,0
BRDA:1259,49,0,0
BRDA:1259,49,1,0
BRDA:1262,50,0,0
BRDA:1262,50,1,0
BRDA:1298,51,0,0
BRDA:1301,52,0,0
BRDA:1301,52,1,0
BRDA:1304,53,0,0
BRDA:1304,53,1,0
BRDA:1307,54,0,0
BRDA:1307,54,1,0
BRDA:1310,55,0,0
BRDA:1310,55,1,0
BRDA:1335,56,0,0
BRDA:1336,57,0,0
BRF:109
BRH:0
end_of_record
TN:
SF:src/lib/notification-manager.ts
FN:51,(anonymous_0)
FN:56,(anonymous_1)
FN:76,(anonymous_2)
FN:80,(anonymous_3)
FN:100,(anonymous_4)
FN:121,(anonymous_5)
FN:135,(anonymous_6)
FN:143,(anonymous_7)
FN:173,(anonymous_8)
FN:207,(anonymous_9)
FN:214,(anonymous_10)
FN:222,(anonymous_11)
FN:229,(anonymous_12)
FN:238,(anonymous_13)
FN:244,(anonymous_14)
FN:265,(anonymous_15)
FNF:16
FNH:0
FNDA:0,(anonymous_0)
FNDA:0,(anonymous_1)
FNDA:0,(anonymous_2)
FNDA:0,(anonymous_3)
FNDA:0,(anonymous_4)
FNDA:0,(anonymous_5)
FNDA:0,(anonymous_6)
FNDA:0,(anonymous_7)
FNDA:0,(anonymous_8)
FNDA:0,(anonymous_9)
FNDA:0,(anonymous_10)
FNDA:0,(anonymous_11)
FNDA:0,(anonymous_12)
FNDA:0,(anonymous_13)
FNDA:0,(anonymous_14)
FNDA:0,(anonymous_15)
DA:39,0
DA:48,0
DA:52,0
DA:53,0
DA:57,0
DA:58,0
DA:59,0
DA:60,0
DA:61,0
DA:64,0
DA:65,0
DA:67,0
DA:70,0
DA:72,0
DA:77,0
DA:79,0
DA:81,0
DA:83,0
DA:84,0
DA:85,0
DA:89,0
DA:90,0
DA:91,0
DA:96,0
DA:101,0
DA:103,0
DA:104,0
DA:105,0
DA:108,0
DA:109,0
DA:110,0
DA:112,0
DA:113,0
DA:115,0
DA:117,0
DA:122,0
DA:124,0
DA:125,0
DA:126,0
DA:129,0
DA:131,0
DA:132,0
DA:133,0
DA:135,0
DA:143,0
DA:144,0
DA:146,0
DA:147,0
DA:149,0
DA:150,0
DA:154,0
DA:155,0
DA:156,0
DA:159,0
DA:160,0
DA:161,0
DA:164,0
DA:167,0
DA:169,0
DA:174,0
DA:176,0
DA:177,0
DA:187,0
DA:190,0
DA:192,0
DA:193,0
DA:194,0
DA:195,0
DA:197,0
DA:198,0
DA:200,0
DA:203,0
DA:208,0
DA:209,0
DA:211,0
DA:212,0
DA:213,0
DA:214,0
DA:215,0
DA:218,0
DA:223,0
DA:224,0
DA:226,0
DA:227,0
DA:228,0
DA:229,0
DA:230,0
DA:233,0
DA:239,0
DA:240,0
DA:245,0
DA:247,0
DA:248,0
DA:249,0
DA:252,0
DA:253,0
DA:254,0
DA:258,0
DA:260,0
DA:266,0
DA:268,0
DA:269,0
DA:270,0
DA:271,0
DA:273,0
DA:275,0
DA:276,0
DA:277,0
DA:278,0
DA:282,0
DA:283,0
DA:288,0
LF:112
LH:0
BRDA:51,0,0,0
BRDA:64,1,0,0
BRDA:64,1,1,0
BRDA:64,2,0,0
BRDA:64,2,1,0
BRDA:83,3,0,0
BRDA:83,3,1,0
BRDA:103,4,0,0
BRDA:103,4,1,0
BRDA:124,5,0,0
BRDA:124,5,1,0
BRDA:146,6,0,0
BRDA:146,6,1,0
BRDA:179,7,0,0
BRDA:179,7,1,0
BRDA:180,8,0,0
BRDA:180,8,1,0
BRDA:183,9,0,0
BRDA:183,9,1,0
BRDA:184,10,0,0
BRDA:184,10,1,0
BRDA:190,11,0,0
BRDA:190,11,1,0
BRDA:190,12,0,0
BRDA:190,12,1,0
BRDA:195,13,0,0
BRDA:195,13,1,0
BRDA:195,14,0,0
BRDA:195,14,1,0
BRDA:211,15,0,0
BRDA:211,15,1,0
BRDA:211,16,0,0
BRDA:211,16,1,0
BRDA:226,17,0,0
BRDA:226,17,1,0
BRDA:226,18,0,0
BRDA:226,18,1,0
BRDA:239,19,0,0
BRDA:239,19,1,0
BRDA:245,20,0,0
BRDA:245,20,1,0
BRDA:253,21,0,0
BRDA:253,21,1,0
BRDA:266,22,0,0
BRDA:266,22,1,0
BRDA:276,23,0,0
BRDA:276,23,1,0
BRDA:276,24,0,0
BRDA:276,24,1,0
BRDA:282,25,0,0
BRDA:282,25,1,0
BRF:51
BRH:0
end_of_record
TN:
SF:src/lib/protocol.ts
FN:51,findNodeById
FN:67,getPathToNode
FN:83,getDescendants
FN:86,traverse
FN:98,getParentNode
FN:118,totalChildPoints
FN:120,(anonymous_6)
FN:121,(anonymous_7)
FN:125,weight
FN:153,shareOfParent
FN:174,isContribution
FN:182,fulfilled
FN:198,(anonymous_12)
FN:199,(anonymous_13)
FN:202,(anonymous_14)
FN:205,(anonymous_15)
FN:211,desire
FN:224,resolveContributorId
FN:232,getUniqueResolvedIds
FN:236,(anonymous_19)
FN:241,contributorAppearsIn
FN:247,(anonymous_21)
FN:252,calculateNodeContributorShare
FN:266,shareOfGeneralFulfillment
FN:360,getAllContributorsFromTree
FN:377,(anonymous_25)
FN:382,(anonymous_26)
FN:391,sharesOfGeneralFulfillmentMap
FN:406,(anonymous_28)
FN:424,(anonymous_29)
FN:450,mutualFulfillment
FN:482,providerShares
FN:496,(anonymous_32)
FN:541,addCapacity
FN:550,getRecurrenceEndValue
FN:567,validateManualFulfillment
FN:572,createRootNode
FN:585,createNonRootNode
FN:608,addChild
FN:651,addContributors
FN:681,deleteSubtree
FN:686,updateManualFulfillment
FN:691,updateNodeById
FN:709,updatePoints
FN:714,updateName
FN:726,getReceiverCapacities
FN:741,getReceiverShares
FN:754,getSubtreeContributorMap
FN:761,getContributorsInSubtree
FN:765,(anonymous_49)
FN:767,(anonymous_50)
FN:779,(anonymous_51)
FN:783,(anonymous_52)
FN:785,(anonymous_53)
FN:793,getSubtreeAntiContributorMap
FN:800,getAntiContributorsInSubtree
FN:804,(anonymous_56)
FN:807,(anonymous_57)
FN:819,(anonymous_58)
FN:824,(anonymous_59)
FN:826,(anonymous_60)
FN:838,extractSubtree
FN:851,(anonymous_62)
FN:862,insertSubtree
FN:880,wouldCreateCycle
FN:894,(anonymous_65)
FN:898,reorderNode
FN:946,calculateNodePoints
FN:953,(anonymous_68)
FN:975,getSlotAllocatedQuantity
FN:976,(anonymous_70)
FN:983,getSlotAvailableQuantity
FN:984,(anonymous_72)
FN:991,getAllocatedSlotCount
FN:995,(anonymous_74)
FN:1002,getTotalSlotCount
FN:1009,getTotalAllocated
FN:1013,(anonymous_77)
FN:1021,getTotalAvailable
FN:1025,(anonymous_79)
FN:1039,isSlotRecurring
FN:1046,getRecurrenceDisplay
FN:1053,isSlotInPast
FN:1084,safeExtractTime
FN:1111,formatTimeClean
FN:1122,formatDateForDisplay
FN:1139,formatSlotTimeDisplay
FN:1220,formatSlotLocationDisplay
FN:1278,getSlotSortValue
FNF:89
FNH:0
FNDA:0,findNodeById
FNDA:0,getPathToNode
FNDA:0,getDescendants
FNDA:0,traverse
FNDA:0,getParentNode
FNDA:0,totalChildPoints
FNDA:0,(anonymous_6)
FNDA:0,(anonymous_7)
FNDA:0,weight
FNDA:0,shareOfParent
FNDA:0,isContribution
FNDA:0,fulfilled
FNDA:0,(anonymous_12)
FNDA:0,(anonymous_13)
FNDA:0,(anonymous_14)
FNDA:0,(anonymous_15)
FNDA:0,desire
FNDA:0,resolveContributorId
FNDA:0,getUniqueResolvedIds
FNDA:0,(anonymous_19)
FNDA:0,contributorAppearsIn
FNDA:0,(anonymous_21)
FNDA:0,calculateNodeContributorShare
FNDA:0,shareOfGeneralFulfillment
FNDA:0,getAllContributorsFromTree
FNDA:0,(anonymous_25)
FNDA:0,(anonymous_26)
FNDA:0,sharesOfGeneralFulfillmentMap
FNDA:0,(anonymous_28)
FNDA:0,(anonymous_29)
FNDA:0,mutualFulfillment
FNDA:0,providerShares
FNDA:0,(anonymous_32)
FNDA:0,addCapacity
FNDA:0,getRecurrenceEndValue
FNDA:0,validateManualFulfillment
FNDA:0,createRootNode
FNDA:0,createNonRootNode
FNDA:0,addChild
FNDA:0,addContributors
FNDA:0,deleteSubtree
FNDA:0,updateManualFulfillment
FNDA:0,updateNodeById
FNDA:0,updatePoints
FNDA:0,updateName
FNDA:0,getReceiverCapacities
FNDA:0,getReceiverShares
FNDA:0,getSubtreeContributorMap
FNDA:0,getContributorsInSubtree
FNDA:0,(anonymous_49)
FNDA:0,(anonymous_50)
FNDA:0,(anonymous_51)
FNDA:0,(anonymous_52)
FNDA:0,(anonymous_53)
FNDA:0,getSubtreeAntiContributorMap
FNDA:0,getAntiContributorsInSubtree
FNDA:0,(anonymous_56)
FNDA:0,(anonymous_57)
FNDA:0,(anonymous_58)
FNDA:0,(anonymous_59)
FNDA:0,(anonymous_60)
FNDA:0,extractSubtree
FNDA:0,(anonymous_62)
FNDA:0,insertSubtree
FNDA:0,wouldCreateCycle
FNDA:0,(anonymous_65)
FNDA:0,reorderNode
FNDA:0,calculateNodePoints
FNDA:0,(anonymous_68)
FNDA:0,getSlotAllocatedQuantity
FNDA:0,(anonymous_70)
FNDA:0,getSlotAvailableQuantity
FNDA:0,(anonymous_72)
FNDA:0,getAllocatedSlotCount
FNDA:0,(anonymous_74)
FNDA:0,getTotalSlotCount
FNDA:0,getTotalAllocated
FNDA:0,(anonymous_77)
FNDA:0,getTotalAvailable
FNDA:0,(anonymous_79)
FNDA:0,isSlotRecurring
FNDA:0,getRecurrenceDisplay
FNDA:0,isSlotInPast
FNDA:0,safeExtractTime
FNDA:0,formatTimeClean
FNDA:0,formatDateForDisplay
FNDA:0,formatSlotTimeDisplay
FNDA:0,formatSlotLocationDisplay
FNDA:0,getSlotSortValue
DA:52,0
DA:53,0
DA:56,0
DA:57,0
DA:58,0
DA:59,0
DA:63,0
DA:68,0
DA:69,0
DA:72,0
DA:73,0
DA:74,0
DA:75,0
DA:79,0
DA:84,0
DA:87,0
DA:88,0
DA:89,0
DA:93,0
DA:94,0
DA:99,0
DA:100,0
DA:101,0
DA:104,0
DA:105,0
DA:106,0
DA:110,0
DA:119,0
DA:120,0
DA:121,0
DA:127,0
DA:128,0
DA:131,0
DA:132,0
DA:133,0
DA:136,0
DA:137,0
DA:141,0
DA:144,0
DA:147,0
DA:149,0
DA:155,0
DA:156,0
DA:159,0
DA:160,0
DA:161,0
DA:165,0
DA:166,0
DA:167,0
DA:170,0
DA:175,0
DA:177,0
DA:178,0
DA:184,0
DA:185,0
DA:188,0
DA:189,0
DA:193,0
DA:194,0
DA:198,0
DA:199,0
DA:201,0
DA:202,0
DA:205,0
DA:207,0
DA:212,0
DA:228,0
DA:236,0
DA:237,0
DA:246,0
DA:247,0
DA:260,0
DA:261,0
DA:262,0
DA:272,0
DA:273,0
DA:276,0
DA:277,0
DA:279,0
DA:280,0
DA:281,0
DA:282,0
DA:283,0
DA:286,0
DA:287,0
DA:290,0
DA:291,0
DA:292,0
DA:299,0
DA:300,0
DA:301,0
DA:304,0
DA:305,0
DA:307,0
DA:308,0
DA:309,0
DA:310,0
DA:311,0
DA:312,0
DA:315,0
DA:319,0
DA:330,0
DA:331,0
DA:332,0
DA:336,0
DA:350,0
DA:351,0
DA:353,0
DA:364,0
DA:365,0
DA:367,0
DA:368,0
DA:369,0
DA:372,0
DA:373,0
DA:377,0
DA:380,0
DA:381,0
DA:382,0
DA:387,0
DA:398,0
DA:402,0
DA:405,0
DA:407,0
DA:408,0
DA:410,0
DA:411,0
DA:412,0
DA:415,0
DA:416,0
DA:417,0
DA:421,0
DA:424,0
DA:427,0
DA:429,0
DA:434,0
DA:435,0
DA:438,0
DA:441,0
DA:442,0
DA:446,0
DA:459,0
DA:460,0
DA:464,0
DA:465,0
DA:470,0
DA:471,0
DA:474,0
DA:475,0
DA:478,0
DA:489,0
DA:493,0
DA:496,0
DA:497,0
DA:501,0
DA:504,0
DA:508,0
DA:511,0
DA:514,0
DA:542,0
DA:551,0
DA:553,0
DA:554,0
DA:555,0
DA:556,0
DA:559,0
DA:568,0
DA:573,0
DA:594,0
DA:618,0
DA:623,0
DA:629,0
DA:630,0
DA:636,0
DA:647,0
DA:656,0
DA:660,0
DA:662,0
DA:664,0
DA:665,0
DA:671,0
DA:672,0
DA:673,0
DA:676,0
DA:682,0
DA:687,0
DA:693,0
DA:694,0
DA:695,0
DA:699,0
DA:700,0
DA:701,0
DA:705,0
DA:710,0
DA:715,0
DA:736,0
DA:750,0
DA:758,0
DA:762,0
DA:763,0
DA:765,0
DA:766,0
DA:767,0
DA:769,0
DA:770,0
DA:775,0
DA:779,0
DA:782,0
DA:783,0
DA:784,0
DA:785,0
DA:789,0
DA:797,0
DA:801,0
DA:802,0
DA:804,0
DA:805,0
DA:806,0
DA:807,0
DA:808,0
DA:809,0
DA:814,0
DA:818,0
DA:819,0
DA:823,0
DA:824,0
DA:825,0
DA:826,0
DA:830,0
DA:840,0
DA:841,0
DA:845,0
DA:846,0
DA:847,0
DA:851,0
DA:852,0
DA:853,0
DA:857,0
DA:858,0
DA:864,0
DA:865,0
DA:866,0
DA:870,0
DA:871,0
DA:875,0
DA:876,0
DA:882,0
DA:883,0
DA:887,0
DA:888,0
DA:889,0
DA:893,0
DA:894,0
DA:900,0
DA:901,0
DA:905,0
DA:906,0
DA:910,0
DA:911,0
DA:912,0
DA:916,0
DA:917,0
DA:918,0
DA:923,0
DA:924,0
DA:925,0
DA:929,0
DA:930,0
DA:934,0
DA:937,0
DA:948,0
DA:949,0
DA:953,0
DA:955,0
DA:958,0
DA:959,0
DA:976,0
DA:977,0
DA:984,0
DA:985,0
DA:992,0
DA:993,0
DA:995,0
DA:1003,0
DA:1010,0
DA:1011,0
DA:1013,0
DA:1014,0
DA:1022,0
DA:1023,0
DA:1025,0
DA:1026,0
DA:1040,0
DA:1047,0
DA:1054,0
DA:1056,0
DA:1057,0
DA:1060,0
DA:1061,0
DA:1062,0
DA:1063,0
DA:1067,0
DA:1068,0
DA:1069,0
DA:1072,0
DA:1085,0
DA:1088,0
DA:1089,0
DA:1093,0
DA:1094,0
DA:1095,0
DA:1096,0
DA:1098,0
DA:1099,0
DA:1104,0
DA:1105,0
DA:1112,0
DA:1114,0
DA:1115,0
DA:1116,0
DA:1123,0
DA:1124,0
DA:1125,0
DA:1127,0
DA:1128,0
DA:1129,0
DA:1130,0
DA:1132,0
DA:1141,0
DA:1142,0
DA:1145,0
DA:1146,0
DA:1150,0
DA:1153,0
DA:1154,0
DA:1155,0
DA:1157,0
DA:1158,0
DA:1160,0
DA:1161,0
DA:1162,0
DA:1163,0
DA:1165,0
DA:1166,0
DA:1168,0
DA:1172,0
DA:1176,0
DA:1177,0
DA:1179,0
DA:1180,0
DA:1181,0
DA:1184,0
DA:1186,0
DA:1187,0
DA:1188,0
DA:1190,0
DA:1191,0
DA:1192,0
DA:1193,0
DA:1195,0
DA:1199,0
DA:1200,0
DA:1201,0
DA:1203,0
DA:1206,0
DA:1208,0
DA:1210,0
DA:1214,0
DA:1221,0
DA:1223,0
DA:1225,0
DA:1226,0
DA:1229,0
DA:1230,0
DA:1233,0
DA:1234,0
DA:1237,0
DA:1238,0
DA:1241,0
DA:1242,0
DA:1246,0
DA:1247,0
DA:1251,0
DA:1252,0
DA:1254,0
DA:1256,0
DA:1258,0
DA:1259,0
DA:1260,0
DA:1261,0
DA:1263,0
DA:1267,0
DA:1269,0
DA:1272,0
DA:1279,0
DA:1281,0
DA:1282,0
DA:1284,0
DA:1286,0
DA:1288,0
LF:400
LH:0
BRDA:52,0,0,0
BRDA:52,0,1,0
BRDA:58,1,0,0
BRDA:58,1,1,0
BRDA:67,2,0,0
BRDA:68,3,0,0
BRDA:68,3,1,0
BRDA:74,4,0,0
BRDA:74,4,1,0
BRDA:100,5,0,0
BRDA:100,5,1,0
BRDA:105,6,0,0
BRDA:105,6,1,0
BRDA:121,7,0,0
BRDA:121,7,1,0
BRDA:127,8,0,0
BRDA:127,8,1,0
BRDA:127,9,0,0
BRDA:127,9,1,0
BRDA:132,10,0,0
BRDA:132,10,1,0
BRDA:136,11,0,0
BRDA:136,11,1,0
BRDA:144,12,0,0
BRDA:144,12,1,0
BRDA:155,13,0,0
BRDA:155,13,1,0
BRDA:155,14,0,0
BRDA:155,14,1,0
BRDA:160,15,0,0
BRDA:160,15,1,0
BRDA:166,16,0,0
BRDA:166,16,1,0
BRDA:170,17,0,0
BRDA:170,17,1,0
BRDA:175,18,0,0
BRDA:175,18,1,0
BRDA:188,19,0,0
BRDA:188,19,1,0
BRDA:188,20,0,0
BRDA:188,20,1,0
BRDA:189,21,0,0
BRDA:189,21,1,0
BRDA:193,22,0,0
BRDA:193,22,1,0
BRDA:207,23,0,0
BRDA:207,23,1,0
BRDA:228,24,0,0
BRDA:228,24,1,0
BRDA:228,25,0,0
BRDA:228,25,1,0
BRDA:280,26,0,0
BRDA:280,26,1,0
BRDA:286,27,0,0
BRDA:286,27,1,0
BRDA:290,28,0,0
BRDA:290,28,1,0
BRDA:291,29,0,0
BRDA:291,29,1,0
BRDA:300,30,0,0
BRDA:300,30,1,0
BRDA:301,31,0,0
BRDA:301,31,1,0
BRDA:308,32,0,0
BRDA:308,32,1,0
BRDA:315,33,0,0
BRDA:315,33,1,0
BRDA:316,34,0,0
BRDA:316,34,1,0
BRDA:330,35,0,0
BRDA:330,35,1,0
BRDA:331,36,0,0
BRDA:331,36,1,0
BRDA:332,37,0,0
BRDA:332,37,1,0
BRDA:333,38,0,0
BRDA:333,38,1,0
BRDA:350,39,0,0
BRDA:350,39,1,0
BRDA:351,40,0,0
BRDA:351,40,1,0
BRDA:368,41,0,0
BRDA:368,41,1,0
BRDA:372,42,0,0
BRDA:372,42,1,0
BRDA:380,43,0,0
BRDA:380,43,1,0
BRDA:402,44,0,0
BRDA:402,44,1,0
BRDA:407,45,0,0
BRDA:407,45,1,0
BRDA:410,46,0,0
BRDA:410,46,1,0
BRDA:410,47,0,0
BRDA:410,47,1,0
BRDA:415,48,0,0
BRDA:415,48,1,0
BRDA:424,49,0,0
BRDA:424,49,1,0
BRDA:441,50,0,0
BRDA:441,50,1,0
BRDA:459,51,0,0
BRDA:459,51,1,0
BRDA:464,52,0,0
BRDA:464,52,1,0
BRDA:474,53,0,0
BRDA:474,53,1,0
BRDA:475,54,0,0
BRDA:475,54,1,0
BRDA:493,55,0,0
BRDA:493,55,1,0
BRDA:497,56,0,0
BRDA:497,56,1,0
BRDA:497,57,0,0
BRDA:497,57,1,0
BRDA:551,58,0,0
BRDA:551,58,1,0
BRDA:553,59,0,0
BRDA:553,59,1,0
BRDA:553,60,0,0
BRDA:553,60,1,0
BRDA:555,61,0,0
BRDA:555,61,1,0
BRDA:555,62,0,0
BRDA:555,62,1,0
BRDA:568,63,0,0
BRDA:568,63,1,0
BRDA:590,64,0,0
BRDA:591,65,0,0
BRDA:613,66,0,0
BRDA:614,67,0,0
BRDA:618,68,0,0
BRDA:618,68,1,0
BRDA:619,69,0,0
BRDA:619,69,1,0
BRDA:619,69,2,0
BRDA:621,70,0,0
BRDA:621,70,1,0
BRDA:629,71,0,0
BRDA:629,71,1,0
BRDA:629,72,0,0
BRDA:629,72,1,0
BRDA:653,73,0,0
BRDA:654,74,0,0
BRDA:656,75,0,0
BRDA:656,75,1,0
BRDA:662,76,0,0
BRDA:662,76,1,0
BRDA:664,77,0,0
BRDA:664,77,1,0
BRDA:664,78,0,0
BRDA:664,78,1,0
BRDA:664,78,2,0
BRDA:693,79,0,0
BRDA:693,79,1,0
BRDA:700,80,0,0
BRDA:700,80,1,0
BRDA:766,81,0,0
BRDA:766,81,1,0
BRDA:769,82,0,0
BRDA:769,82,1,0
BRDA:769,83,0,0
BRDA:769,83,1,0
BRDA:805,84,0,0
BRDA:805,84,1,0
BRDA:805,85,0,0
BRDA:805,85,1,0
BRDA:806,86,0,0
BRDA:806,86,1,0
BRDA:808,87,0,0
BRDA:808,87,1,0
BRDA:808,88,0,0
BRDA:808,88,1,0
BRDA:840,89,0,0
BRDA:840,89,1,0
BRDA:846,90,0,0
BRDA:846,90,1,0
BRDA:852,91,0,0
BRDA:852,91,1,0
BRDA:865,92,0,0
BRDA:865,92,1,0
BRDA:870,93,0,0
BRDA:870,93,1,0
BRDA:882,94,0,0
BRDA:882,94,1,0
BRDA:888,95,0,0
BRDA:888,95,1,0
BRDA:900,96,0,0
BRDA:900,96,1,0
BRDA:905,97,0,0
BRDA:905,97,1,0
BRDA:911,98,0,0
BRDA:911,98,1,0
BRDA:911,99,0,0
BRDA:911,99,1,0
BRDA:917,100,0,0
BRDA:917,100,1,0
BRDA:923,101,0,0
BRDA:923,101,1,0
BRDA:930,102,0,0
BRDA:930,102,1,0
BRDA:948,103,0,0
BRDA:948,103,1,0
BRDA:948,104,0,0
BRDA:948,104,1,0
BRDA:955,105,0,0
BRDA:955,105,1,0
BRDA:977,106,0,0
BRDA:977,106,1,0
BRDA:985,107,0,0
BRDA:985,107,1,0
BRDA:985,107,2,0
BRDA:992,108,0,0
BRDA:992,108,1,0
BRDA:992,109,0,0
BRDA:992,109,1,0
BRDA:995,110,0,0
BRDA:995,110,1,0
BRDA:1003,111,0,0
BRDA:1003,111,1,0
BRDA:1010,112,0,0
BRDA:1010,112,1,0
BRDA:1010,113,0,0
BRDA:1010,113,1,0
BRDA:1014,114,0,0
BRDA:1014,114,1,0
BRDA:1022,115,0,0
BRDA:1022,115,1,0
BRDA:1022,116,0,0
BRDA:1022,116,1,0
BRDA:1026,117,0,0
BRDA:1026,117,1,0
BRDA:1026,117,2,0
BRDA:1040,118,0,0
BRDA:1040,118,1,0
BRDA:1040,118,2,0
BRDA:1047,119,0,0
BRDA:1047,119,1,0
BRDA:1054,120,0,0
BRDA:1054,120,1,0
BRDA:1060,121,0,0
BRDA:1060,121,1,0
BRDA:1067,122,0,0
BRDA:1067,122,1,0
BRDA:1085,123,0,0
BRDA:1085,123,1,0
BRDA:1088,124,0,0
BRDA:1088,124,1,0
BRDA:1093,125,0,0
BRDA:1093,125,1,0
BRDA:1112,126,0,0
BRDA:1112,126,1,0
BRDA:1127,127,0,0
BRDA:1127,127,1,0
BRDA:1129,128,0,0
BRDA:1129,128,1,0
BRDA:1145,129,0,0
BRDA:1145,129,1,0
BRDA:1146,130,0,0
BRDA:1146,130,1,0
BRDA:1150,131,0,0
BRDA:1150,131,1,0
BRDA:1150,132,0,0
BRDA:1150,132,1,0
BRDA:1153,133,0,0
BRDA:1153,133,1,0
BRDA:1154,134,0,0
BRDA:1154,134,1,0
BRDA:1155,135,0,0
BRDA:1155,135,1,0
BRDA:1158,136,0,0
BRDA:1158,136,1,0
BRDA:1158,137,0,0
BRDA:1158,137,1,0
BRDA:1158,137,2,0
BRDA:1163,138,0,0
BRDA:1163,138,1,0
BRDA:1172,139,0,0
BRDA:1172,139,1,0
BRDA:1176,140,0,0
BRDA:1176,140,1,0
BRDA:1177,141,0,0
BRDA:1177,141,1,0
BRDA:1180,142,0,0
BRDA:1180,142,1,0
BRDA:1184,143,0,0
BRDA:1184,143,1,0
BRDA:1184,144,0,0
BRDA:1184,144,1,0
BRDA:1187,145,0,0
BRDA:1187,145,1,0
BRDA:1188,146,0,0
BRDA:1188,146,1,0
BRDA:1190,147,0,0
BRDA:1190,147,1,0
BRDA:1190,148,0,0
BRDA:1190,148,1,0
BRDA:1192,149,0,0
BRDA:1192,149,1,0
BRDA:1199,150,0,0
BRDA:1199,150,1,0
BRDA:1200,151,0,0
BRDA:1200,151,1,0
BRDA:1206,152,0,0
BRDA:1206,152,1,0
BRDA:1208,153,0,0
BRDA:1208,153,1,0
BRDA:1214,154,0,0
BRDA:1214,154,1,0
BRDA:1221,155,0,0
BRDA:1221,155,1,0
BRDA:1225,156,0,0
BRDA:1225,156,1,0
BRDA:1229,157,0,0
BRDA:1229,157,1,0
BRDA:1233,158,0,0
BRDA:1233,158,1,0
BRDA:1237,159,0,0
BRDA:1237,159,1,0
BRDA:1241,160,0,0
BRDA:1241,160,1,0
BRDA:1246,161,0,0
BRDA:1246,161,1,0
BRDA:1251,162,0,0
BRDA:1251,162,1,0
BRDA:1251,163,0,0
BRDA:1251,163,1,0
BRDA:1254,164,0,0
BRDA:1254,164,1,0
BRDA:1256,165,0,0
BRDA:1256,165,1,0
BRDA:1258,166,0,0
BRDA:1258,166,1,0
BRDA:1267,167,0,0
BRDA:1267,167,1,0
BRDA:1272,168,0,0
BRDA:1272,168,1,0
BRDA:1279,169,0,0
BRDA:1279,169,1,0
BRDA:1279,169,2,0
BRDA:1279,169,3,0
BRDA:1281,170,0,0
BRDA:1281,170,1,0
BRDA:1286,171,0,0
BRDA:1286,171,1,0
BRF:345
BRH:0
end_of_record
TN:
SF:src/lib/schema.ts
FN:18,withTimestamp
FNF:1
FNH:0
FNDA:0,withTimestamp
DA:7,0
DA:8,0
DA:9,0
DA:10,0
DA:15,0
DA:19,0
DA:23,0
DA:25,0
DA:37,0
DA:48,0
DA:51,0
DA:94,0
DA:128,0
DA:151,0
DA:159,0
DA:162,0
DA:168,0
DA:175,0
DA:198,0
DA:202,0
DA:206,0
DA:214,0
DA:224,0
DA:231,0
DA:235,0
DA:239,0
DA:253,0
DA:262,0
DA:314,0
DA:318,0
DA:321,0
DA:337,0
DA:346,0
DA:347,0
DA:354,0
DA:361,0
DA:362,0
DA:375,0
DA:389,0
DA:404,0
DA:410,0
DA:432,0
DA:449,0
DA:557,0
DA:565,0
DA:576,0
DA:598,0
DA:641,0
DA:668,0
DA:675,0
DA:693,0
LF:51
LH:0
BRF:0
BRH:0
end_of_record
TN:
SF:src/lib/validation.ts
FN:44,filterGunMetadata
FN:68,parseData
FN:127,parseTree
FN:138,migrateCapacityToSlotBased
FN:144,(anonymous_4)
FN:297,parseCapacities
FN:311,parseShareMap
FN:325,parseRecognitionCache
FN:338,isValidNode
FN:348,isValidCapacity
FN:359,getValidationErrors
FN:372,parseUserComposition
FN:386,parseNetworkComposition
FN:400,parseUserSlotComposition
FN:433,validateCompositionTargets
FN:434,(anonymous_15)
FN:435,(anonymous_16)
FN:436,(anonymous_17)
FN:452,parseNetworkSlotComposition
FN:466,parseProviderAllocationStateData
FN:480,parseNetworkAllocationStates
FN:494,parseContacts
FN:511,parseChatReadStates
FN:525,isValidPubkey
FN:532,isValidCollectiveTarget
FN:536,(anonymous_25)
FN:542,parseCompositionTarget
FN:550,(anonymous_27)
FNF:28
FNH:0
FNDA:0,filterGunMetadata
FNDA:0,parseData
FNDA:0,parseTree
FNDA:0,migrateCapacityToSlotBased
FNDA:0,(anonymous_4)
FNDA:0,parseCapacities
FNDA:0,parseShareMap
FNDA:0,parseRecognitionCache
FNDA:0,isValidNode
FNDA:0,isValidCapacity
FNDA:0,getValidationErrors
FNDA:0,parseUserComposition
FNDA:0,parseNetworkComposition
FNDA:0,parseUserSlotComposition
FNDA:0,validateCompositionTargets
FNDA:0,(anonymous_15)
FNDA:0,(anonymous_16)
FNDA:0,(anonymous_17)
FNDA:0,parseNetworkSlotComposition
FNDA:0,parseProviderAllocationStateData
FNDA:0,parseNetworkAllocationStates
FNDA:0,parseContacts
FNDA:0,parseChatReadStates
FNDA:0,isValidPubkey
FNDA:0,isValidCollectiveTarget
FNDA:0,(anonymous_25)
FNDA:0,parseCompositionTarget
FNDA:0,(anonymous_27)
DA:45,0
DA:46,0
DA:49,0
DA:50,0
DA:52,0
DA:53,0
DA:56,0
DA:69,0
DA:71,0
DA:74,0
DA:75,0
DA:76,0
DA:78,0
DA:79,0
DA:81,0
DA:84,0
DA:88,0
DA:91,0
DA:92,0
DA:95,0
DA:96,0
DA:100,0
DA:102,0
DA:103,0
DA:104,0
DA:106,0
DA:108,0
DA:109,0
DA:110,0
DA:112,0
DA:115,0
DA:116,0
DA:118,0
DA:128,0
DA:140,0
DA:141,0
DA:144,0
DA:158,0
DA:161,0
DA:177,0
DA:178,0
DA:181,0
DA:187,0
DA:188,0
DA:189,0
DA:190,0
DA:191,0
DA:192,0
DA:193,0
DA:194,0
DA:196,0
DA:210,0
DA:211,0
DA:212,0
DA:213,0
DA:214,0
DA:215,0
DA:216,0
DA:217,0
DA:218,0
DA:219,0
DA:220,0
DA:221,0
DA:222,0
DA:223,0
DA:224,0
DA:227,0
DA:244,0
DA:245,0
DA:247,0
DA:248,0
DA:249,0
DA:251,0
DA:252,0
DA:261,0
DA:281,0
DA:282,0
DA:285,0
DA:289,0
DA:298,0
DA:312,0
DA:326,0
DA:339,0
DA:340,0
DA:349,0
DA:350,0
DA:360,0
DA:361,0
DA:362,0
DA:364,0
DA:373,0
DA:387,0
DA:401,0
DA:403,0
DA:410,0
DA:413,0
DA:414,0
DA:415,0
DA:416,0
DA:418,0
DA:419,0
DA:421,0
DA:425,0
DA:426,0
DA:434,0
DA:435,0
DA:436,0
DA:438,0
DA:439,0
DA:440,0
DA:453,0
DA:467,0
DA:481,0
DA:495,0
DA:512,0
DA:526,0
DA:533,0
DA:534,0
DA:535,0
DA:536,0
DA:548,0
DA:549,0
DA:550,0
DA:551,0
DA:559,0
DA:560,0
DA:568,0
LF:127
LH:0
BRDA:45,0,0,0
BRDA:45,0,1,0
BRDA:45,1,0,0
BRDA:45,1,1,0
BRDA:45,1,2,0
BRDA:52,2,0,0
BRDA:52,2,1,0
BRDA:69,3,0,0
BRDA:74,4,0,0
BRDA:74,4,1,0
BRDA:78,5,0,0
BRDA:78,5,1,0
BRDA:91,6,0,0
BRDA:91,6,1,0
BRDA:95,7,0,0
BRDA:95,7,1,0
BRDA:102,8,0,0
BRDA:102,8,1,0
BRDA:103,9,0,0
BRDA:103,9,1,0
BRDA:108,10,0,0
BRDA:108,10,1,0
BRDA:115,11,0,0
BRDA:115,11,1,0
BRDA:140,12,0,0
BRDA:140,12,1,0
BRDA:177,13,0,0
BRDA:177,13,1,0
BRDA:177,14,0,0
BRDA:177,14,1,0
BRDA:177,14,2,0
BRDA:183,15,0,0
BRDA:183,15,1,0
BRDA:187,16,0,0
BRDA:187,16,1,0
BRDA:188,17,0,0
BRDA:188,17,1,0
BRDA:189,18,0,0
BRDA:189,18,1,0
BRDA:190,19,0,0
BRDA:190,19,1,0
BRDA:191,20,0,0
BRDA:191,20,1,0
BRDA:192,21,0,0
BRDA:192,21,1,0
BRDA:193,22,0,0
BRDA:193,22,1,0
BRDA:194,23,0,0
BRDA:194,23,1,0
BRDA:210,24,0,0
BRDA:210,24,1,0
BRDA:211,25,0,0
BRDA:211,25,1,0
BRDA:212,26,0,0
BRDA:212,26,1,0
BRDA:213,27,0,0
BRDA:213,27,1,0
BRDA:214,28,0,0
BRDA:214,28,1,0
BRDA:215,29,0,0
BRDA:215,29,1,0
BRDA:216,30,0,0
BRDA:216,30,1,0
BRDA:217,31,0,0
BRDA:217,31,1,0
BRDA:219,32,0,0
BRDA:219,32,1,0
BRDA:221,33,0,0
BRDA:221,33,1,0
BRDA:223,34,0,0
BRDA:223,34,1,0
BRDA:229,35,0,0
BRDA:229,35,1,0
BRDA:230,36,0,0
BRDA:230,36,1,0
BRDA:231,37,0,0
BRDA:231,37,1,0
BRDA:232,38,0,0
BRDA:232,38,1,0
BRDA:240,39,0,0
BRDA:240,39,1,0
BRDA:240,40,0,0
BRDA:240,40,1,0
BRDA:244,41,0,0
BRDA:244,41,1,0
BRDA:247,42,0,0
BRDA:247,42,1,0
BRDA:251,43,0,0
BRDA:251,43,1,0
BRDA:361,44,0,0
BRDA:361,44,1,0
BRDA:413,45,0,0
BRDA:413,45,1,0
BRDA:439,46,0,0
BRDA:439,46,1,0
BRDA:533,47,0,0
BRDA:533,47,1,0
BRDA:536,48,0,0
BRDA:536,48,1,0
BRDA:548,49,0,0
BRDA:548,49,1,0
BRDA:559,50,0,0
BRDA:559,50,1,0
BRF:103
BRH:0
end_of_record
TN:
SF:src/lib/commons/elegant-clock.svelte.ts
FN:148,(anonymous_0)
FN:149,(anonymous_1)
FN:162,(anonymous_2)
FN:179,(anonymous_3)
FN:202,(anonymous_4)
FN:205,(anonymous_5)
FN:230,(anonymous_6)
FN:232,(anonymous_7)
FN:242,(anonymous_8)
FN:243,(anonymous_9)
FN:256,(anonymous_10)
FN:261,(anonymous_11)
FN:278,(anonymous_12)
FN:280,(anonymous_13)
FN:291,(anonymous_14)
FN:295,(anonymous_15)
FN:299,(anonymous_16)
FN:314,(anonymous_17)
FN:370,(anonymous_18)
FN:388,compareVectorClocks
FN:411,mergeVectorClocks
FN:424,incrementMyVectorClock
FN:428,(anonymous_22)
FN:437,updateVectorClockFromPeer
FN:438,(anonymous_24)
FN:455,shouldAdvanceRound
FN:487,advanceToNextRound
FN:509,publishMyRoundState
FN:529,handlePeerRoundState
FN:531,(anonymous_29)
FN:557,setMyPubKey
FN:561,(anonymous_31)
FN:570,updateMyTree
FN:577,updateMyCommitment
FN:584,updateNetworkCommitment
FN:585,(anonymous_35)
FN:594,updateNetworkDenominators
FN:598,(anonymous_37)
FN:604,(anonymous_38)
FN:613,updateNetworkTree
FN:614,(anonymous_40)
FN:623,clearParticipantData
FN:624,(anonymous_42)
FN:629,(anonymous_43)
FN:634,(anonymous_44)
FN:647,logSubgroupState
FN:677,initializeHolsterUser
FN:687,(anonymous_47)
FN:698,(anonymous_48)
FN:702,(anonymous_49)
FN:712,(anonymous_50)
FN:720,(anonymous_51)
FN:730,(anonymous_52)
FN:746,(anonymous_53)
FN:757,(anonymous_54)
FN:759,(anonymous_55)
FN:769,(anonymous_56)
FN:777,(anonymous_57)
FN:787,(anonymous_58)
FN:794,(anonymous_59)
FN:810,(anonymous_60)
FN:820,(anonymous_61)
FN:822,(anonymous_62)
FN:832,(anonymous_63)
FN:837,(anonymous_64)
FN:844,(anonymous_65)
FN:851,(anonymous_66)
FN:858,(anonymous_67)
FN:866,(anonymous_68)
FN:873,(anonymous_69)
FN:880,(anonymous_70)
FN:896,(anonymous_71)
FN:909,(anonymous_72)
FN:911,(anonymous_73)
FN:921,(anonymous_74)
FN:927,(anonymous_75)
FN:937,(anonymous_76)
FN:956,initializeAlgorithmSubscriptions
FN:983,startRoundStateGossip
FN:993,(anonymous_79)
FN:1003,cleanupAlgorithmSubscriptions
FN:1025,publishMyCommitment
FN:1054,getCommitmentsSnapshot
FNF:83
FNH:0
FNDA:0,(anonymous_0)
FNDA:0,(anonymous_1)
FNDA:0,(anonymous_2)
FNDA:0,(anonymous_3)
FNDA:0,(anonymous_4)
FNDA:0,(anonymous_5)
FNDA:0,(anonymous_6)
FNDA:0,(anonymous_7)
FNDA:0,(anonymous_8)
FNDA:0,(anonymous_9)
FNDA:0,(anonymous_10)
FNDA:0,(anonymous_11)
FNDA:0,(anonymous_12)
FNDA:0,(anonymous_13)
FNDA:0,(anonymous_14)
FNDA:0,(anonymous_15)
FNDA:0,(anonymous_16)
FNDA:0,(anonymous_17)
FNDA:0,(anonymous_18)
FNDA:0,compareVectorClocks
FNDA:0,mergeVectorClocks
FNDA:0,incrementMyVectorClock
FNDA:0,(anonymous_22)
FNDA:0,updateVectorClockFromPeer
FNDA:0,(anonymous_24)
FNDA:0,shouldAdvanceRound
FNDA:0,advanceToNextRound
FNDA:0,publishMyRoundState
FNDA:0,handlePeerRoundState
FNDA:0,(anonymous_29)
FNDA:0,setMyPubKey
FNDA:0,(anonymous_31)
FNDA:0,updateMyTree
FNDA:0,updateMyCommitment
FNDA:0,updateNetworkCommitment
FNDA:0,(anonymous_35)
FNDA:0,updateNetworkDenominators
FNDA:0,(anonymous_37)
FNDA:0,(anonymous_38)
FNDA:0,updateNetworkTree
FNDA:0,(anonymous_40)
FNDA:0,clearParticipantData
FNDA:0,(anonymous_42)
FNDA:0,(anonymous_43)
FNDA:0,(anonymous_44)
FNDA:0,logSubgroupState
FNDA:0,initializeHolsterUser
FNDA:0,(anonymous_47)
FNDA:0,(anonymous_48)
FNDA:0,(anonymous_49)
FNDA:0,(anonymous_50)
FNDA:0,(anonymous_51)
FNDA:0,(anonymous_52)
FNDA:0,(anonymous_53)
FNDA:0,(anonymous_54)
FNDA:0,(anonymous_55)
FNDA:0,(anonymous_56)
FNDA:0,(anonymous_57)
FNDA:0,(anonymous_58)
FNDA:0,(anonymous_59)
FNDA:0,(anonymous_60)
FNDA:0,(anonymous_61)
FNDA:0,(anonymous_62)
FNDA:0,(anonymous_63)
FNDA:0,(anonymous_64)
FNDA:0,(anonymous_65)
FNDA:0,(anonymous_66)
FNDA:0,(anonymous_67)
FNDA:0,(anonymous_68)
FNDA:0,(anonymous_69)
FNDA:0,(anonymous_70)
FNDA:0,(anonymous_71)
FNDA:0,(anonymous_72)
FNDA:0,(anonymous_73)
FNDA:0,(anonymous_74)
FNDA:0,(anonymous_75)
FNDA:0,(anonymous_76)
FNDA:0,initializeAlgorithmSubscriptions
FNDA:0,startRoundStateGossip
FNDA:0,(anonymous_79)
FNDA:0,cleanupAlgorithmSubscriptions
FNDA:0,publishMyCommitment
FNDA:0,getCommitmentsSnapshot
DA:23,0
DA:29,0
DA:35,0
DA:41,0
DA:101,0
DA:102,0
DA:103,0
DA:109,0
DA:110,0
DA:111,0
DA:121,0
DA:127,0
DA:133,0
DA:146,0
DA:149,0
DA:160,0
DA:163,0
DA:164,0
DA:166,0
DA:167,0
DA:168,0
DA:171,0
DA:172,0
DA:173,0
DA:174,0
DA:178,0
DA:179,0
DA:182,0
DA:184,0
DA:185,0
DA:189,0
DA:200,0
DA:203,0
DA:205,0
DA:206,0
DA:209,0
DA:211,0
DA:212,0
DA:213,0
DA:214,0
DA:218,0
DA:228,0
DA:231,0
DA:232,0
DA:240,0
DA:243,0
DA:244,0
DA:245,0
DA:254,0
DA:257,0
DA:259,0
DA:260,0
DA:261,0
DA:263,0
DA:264,0
DA:268,0
DA:276,0
DA:279,0
DA:280,0
DA:281,0
DA:289,0
DA:292,0
DA:294,0
DA:296,0
DA:297,0
DA:299,0
DA:310,0
DA:312,0
DA:315,0
DA:317,0
DA:318,0
DA:320,0
DA:321,0
DA:324,0
DA:325,0
DA:326,0
DA:328,0
DA:329,0
DA:333,0
DA:340,0
DA:349,0
DA:364,0
DA:371,0
DA:389,0
DA:390,0
DA:393,0
DA:395,0
DA:396,0
DA:397,0
DA:399,0
DA:400,0
DA:403,0
DA:404,0
DA:405,0
DA:412,0
DA:414,0
DA:415,0
DA:418,0
DA:425,0
DA:426,0
DA:428,0
DA:438,0
DA:440,0
DA:443,0
DA:444,0
DA:445,0
DA:448,0
DA:456,0
DA:457,0
DA:458,0
DA:459,0
DA:461,0
DA:464,0
DA:465,0
DA:467,0
DA:468,0
DA:470,0
DA:471,0
DA:472,0
DA:474,0
DA:477,0
DA:480,0
DA:481,0
DA:488,0
DA:489,0
DA:492,0
DA:493,0
DA:496,0
DA:498,0
DA:503,0
DA:510,0
DA:511,0
DA:513,0
DA:521,0
DA:523,0
DA:531,0
DA:537,0
DA:540,0
DA:541,0
DA:552,0
DA:558,0
DA:561,0
DA:571,0
DA:578,0
DA:585,0
DA:596,0
DA:597,0
DA:598,0
DA:604,0
DA:614,0
DA:624,0
DA:625,0
DA:626,0
DA:629,0
DA:630,0
DA:631,0
DA:634,0
DA:635,0
DA:636,0
DA:648,0
DA:662,0
DA:663,0
DA:675,0
DA:678,0
DA:679,0
DA:687,0
DA:688,0
DA:689,0
DA:690,0
DA:693,0
DA:694,0
DA:695,0
DA:698,0
DA:699,0
DA:702,0
DA:703,0
DA:704,0
DA:705,0
DA:707,0
DA:712,0
DA:714,0
DA:715,0
DA:718,0
DA:720,0
DA:721,0
DA:722,0
DA:723,0
DA:730,0
DA:731,0
DA:732,0
DA:733,0
DA:736,0
DA:746,0
DA:747,0
DA:748,0
DA:749,0
DA:752,0
DA:753,0
DA:754,0
DA:757,0
DA:758,0
DA:759,0
DA:760,0
DA:761,0
DA:762,0
DA:764,0
DA:769,0
DA:771,0
DA:772,0
DA:775,0
DA:777,0
DA:778,0
DA:779,0
DA:780,0
DA:787,0
DA:788,0
DA:789,0
DA:790,0
DA:794,0
DA:795,0
DA:796,0
DA:797,0
DA:800,0
DA:810,0
DA:811,0
DA:812,0
DA:813,0
DA:816,0
DA:817,0
DA:820,0
DA:821,0
DA:822,0
DA:823,0
DA:824,0
DA:825,0
DA:827,0
DA:832,0
DA:833,0
DA:837,0
DA:838,0
DA:839,0
DA:844,0
DA:845,0
DA:846,0
DA:851,0
DA:852,0
DA:853,0
DA:858,0
DA:859,0
DA:860,0
DA:866,0
DA:867,0
DA:868,0
DA:873,0
DA:874,0
DA:875,0
DA:880,0
DA:881,0
DA:882,0
DA:883,0
DA:886,0
DA:896,0
DA:897,0
DA:898,0
DA:899,0
DA:902,0
DA:903,0
DA:905,0
DA:906,0
DA:909,0
DA:910,0
DA:911,0
DA:912,0
DA:913,0
DA:914,0
DA:916,0
DA:921,0
DA:923,0
DA:925,0
DA:927,0
DA:928,0
DA:929,0
DA:933,0
DA:937,0
DA:938,0
DA:939,0
DA:940,0
DA:943,0
DA:957,0
DA:960,0
DA:963,0
DA:966,0
DA:969,0
DA:972,0
DA:974,0
DA:981,0
DA:985,0
DA:986,0
DA:990,0
DA:993,0
DA:994,0
DA:997,0
DA:1004,0
DA:1007,0
DA:1008,0
DA:1009,0
DA:1012,0
DA:1013,0
DA:1014,0
DA:1015,0
DA:1027,0
DA:1030,0
DA:1038,0
DA:1041,0
DA:1042,0
DA:1043,0
DA:1055,0
DA:1056,0
DA:1057,0
DA:1059,0
DA:1061,0
DA:1062,0
DA:1064,0
DA:1068,0
LF:324
LH:0
BRDA:171,0,0,0
BRDA:171,0,1,0
BRDA:172,1,0,0
BRDA:172,1,1,0
BRDA:178,2,0,0
BRDA:178,2,1,0
BRDA:179,3,0,0
BRDA:179,3,1,0
BRDA:182,4,0,0
BRDA:182,4,1,0
BRDA:182,5,0,0
BRDA:182,5,1,0
BRDA:184,6,0,0
BRDA:184,6,1,0
BRDA:184,7,0,0
BRDA:184,7,1,0
BRDA:184,7,2,0
BRDA:209,8,0,0
BRDA:209,8,1,0
BRDA:211,9,0,0
BRDA:211,9,1,0
BRDA:212,10,0,0
BRDA:212,10,1,0
BRDA:245,11,0,0
BRDA:245,11,1,0
BRDA:263,12,0,0
BRDA:263,12,1,0
BRDA:296,13,0,0
BRDA:296,13,1,0
BRDA:315,14,0,0
BRDA:315,14,1,0
BRDA:318,15,0,0
BRDA:318,15,1,0
BRDA:321,16,0,0
BRDA:321,16,1,0
BRDA:326,17,0,0
BRDA:326,17,1,0
BRDA:328,18,0,0
BRDA:328,18,1,0
BRDA:396,19,0,0
BRDA:396,19,1,0
BRDA:397,20,0,0
BRDA:397,20,1,0
BRDA:399,21,0,0
BRDA:399,21,1,0
BRDA:400,22,0,0
BRDA:400,22,1,0
BRDA:403,23,0,0
BRDA:403,23,1,0
BRDA:403,24,0,0
BRDA:403,24,1,0
BRDA:404,25,0,0
BRDA:404,25,1,0
BRDA:404,26,0,0
BRDA:404,26,1,0
BRDA:415,27,0,0
BRDA:415,27,1,0
BRDA:426,28,0,0
BRDA:426,28,1,0
BRDA:430,29,0,0
BRDA:430,29,1,0
BRDA:444,30,0,0
BRDA:444,30,1,0
BRDA:445,31,0,0
BRDA:445,31,1,0
BRDA:461,32,0,0
BRDA:461,32,1,0
BRDA:461,33,0,0
BRDA:461,33,1,0
BRDA:468,34,0,0
BRDA:468,34,1,0
BRDA:471,35,0,0
BRDA:471,35,1,0
BRDA:471,36,0,0
BRDA:471,36,1,0
BRDA:477,37,0,0
BRDA:477,37,1,0
BRDA:489,38,0,0
BRDA:489,38,1,0
BRDA:511,39,0,0
BRDA:511,39,1,0
BRDA:511,40,0,0
BRDA:511,40,1,0
BRDA:540,41,0,0
BRDA:540,41,1,0
BRDA:597,42,0,0
BRDA:597,42,1,0
BRDA:662,43,0,0
BRDA:662,43,1,0
BRDA:688,44,0,0
BRDA:688,44,1,0
BRDA:699,45,0,0
BRDA:699,45,1,0
BRDA:699,46,0,0
BRDA:699,46,1,0
BRDA:714,47,0,0
BRDA:714,47,1,0
BRDA:718,48,0,0
BRDA:718,48,1,0
BRDA:721,49,0,0
BRDA:721,49,1,0
BRDA:747,50,0,0
BRDA:747,50,1,0
BRDA:758,51,0,0
BRDA:758,51,1,0
BRDA:758,52,0,0
BRDA:758,52,1,0
BRDA:771,53,0,0
BRDA:771,53,1,0
BRDA:775,54,0,0
BRDA:775,54,1,0
BRDA:778,55,0,0
BRDA:778,55,1,0
BRDA:788,56,0,0
BRDA:788,56,1,0
BRDA:811,57,0,0
BRDA:811,57,1,0
BRDA:821,58,0,0
BRDA:821,58,1,0
BRDA:833,59,0,0
BRDA:833,59,1,0
BRDA:838,60,0,0
BRDA:838,60,1,0
BRDA:845,61,0,0
BRDA:845,61,1,0
BRDA:852,62,0,0
BRDA:852,62,1,0
BRDA:859,63,0,0
BRDA:859,63,1,0
BRDA:867,64,0,0
BRDA:867,64,1,0
BRDA:874,65,0,0
BRDA:874,65,1,0
BRDA:897,66,0,0
BRDA:897,66,1,0
BRDA:903,67,0,0
BRDA:903,67,1,0
BRDA:910,68,0,0
BRDA:910,68,1,0
BRDA:923,69,0,0
BRDA:923,69,1,0
BRDA:925,70,0,0
BRDA:925,70,1,0
BRDA:928,71,0,0
BRDA:928,71,1,0
BRDA:928,72,0,0
BRDA:928,72,1,0
BRDA:985,73,0,0
BRDA:985,73,1,0
BRDA:1007,74,0,0
BRDA:1007,74,1,0
BRDA:1041,75,0,0
BRDA:1041,75,1,0
BRDA:1061,76,0,0
BRDA:1061,76,1,0
BRDA:1061,77,0,0
BRDA:1061,77,1,0
BRF:157
BRH:0
end_of_record
TN:
SF:src/lib/commons/elegant.svelte.ts
FN:100,(anonymous_0)
FN:101,(anonymous_1)
FN:114,(anonymous_2)
FN:131,(anonymous_3)
FN:154,(anonymous_4)
FN:157,(anonymous_5)
FN:182,(anonymous_6)
FN:184,(anonymous_7)
FN:194,(anonymous_8)
FN:195,(anonymous_9)
FN:208,(anonymous_10)
FN:213,(anonymous_11)
FN:230,(anonymous_12)
FN:232,(anonymous_13)
FN:243,(anonymous_14)
FN:247,(anonymous_15)
FN:251,(anonymous_16)
FN:266,(anonymous_17)
FN:322,(anonymous_18)
FN:344,setMyPubKey
FN:351,updateMyTree
FN:358,updateMyCommitment
FN:365,updateNetworkCommitment
FN:366,(anonymous_23)
FN:375,updateNetworkDenominators
FN:379,(anonymous_25)
FN:385,(anonymous_26)
FN:394,updateNetworkTree
FN:395,(anonymous_28)
FN:404,clearParticipantData
FN:405,(anonymous_30)
FN:410,(anonymous_31)
FN:415,(anonymous_32)
FN:428,logSubgroupState
FN:458,initializeHolsterUser
FN:468,(anonymous_35)
FN:479,(anonymous_36)
FN:483,(anonymous_37)
FN:493,(anonymous_38)
FN:501,(anonymous_39)
FN:511,(anonymous_40)
FN:527,(anonymous_41)
FN:538,(anonymous_42)
FN:540,(anonymous_43)
FN:550,(anonymous_44)
FN:558,(anonymous_45)
FN:568,(anonymous_46)
FN:575,(anonymous_47)
FN:591,(anonymous_48)
FN:601,(anonymous_49)
FN:603,(anonymous_50)
FN:613,(anonymous_51)
FN:618,(anonymous_52)
FN:625,(anonymous_53)
FN:632,(anonymous_54)
FN:639,(anonymous_55)
FN:647,(anonymous_56)
FN:654,(anonymous_57)
FN:661,(anonymous_58)
FN:677,(anonymous_59)
FN:687,(anonymous_60)
FN:690,(anonymous_61)
FN:698,(anonymous_62)
FN:717,initializeAlgorithmSubscriptions
FN:738,cleanupAlgorithmSubscriptions
FNF:65
FNH:0
FNDA:0,(anonymous_0)
FNDA:0,(anonymous_1)
FNDA:0,(anonymous_2)
FNDA:0,(anonymous_3)
FNDA:0,(anonymous_4)
FNDA:0,(anonymous_5)
FNDA:0,(anonymous_6)
FNDA:0,(anonymous_7)
FNDA:0,(anonymous_8)
FNDA:0,(anonymous_9)
FNDA:0,(anonymous_10)
FNDA:0,(anonymous_11)
FNDA:0,(anonymous_12)
FNDA:0,(anonymous_13)
FNDA:0,(anonymous_14)
FNDA:0,(anonymous_15)
FNDA:0,(anonymous_16)
FNDA:0,(anonymous_17)
FNDA:0,(anonymous_18)
FNDA:0,setMyPubKey
FNDA:0,updateMyTree
FNDA:0,updateMyCommitment
FNDA:0,updateNetworkCommitment
FNDA:0,(anonymous_23)
FNDA:0,updateNetworkDenominators
FNDA:0,(anonymous_25)
FNDA:0,(anonymous_26)
FNDA:0,updateNetworkTree
FNDA:0,(anonymous_28)
FNDA:0,clearParticipantData
FNDA:0,(anonymous_30)
FNDA:0,(anonymous_31)
FNDA:0,(anonymous_32)
FNDA:0,logSubgroupState
FNDA:0,initializeHolsterUser
FNDA:0,(anonymous_35)
FNDA:0,(anonymous_36)
FNDA:0,(anonymous_37)
FNDA:0,(anonymous_38)
FNDA:0,(anonymous_39)
FNDA:0,(anonymous_40)
FNDA:0,(anonymous_41)
FNDA:0,(anonymous_42)
FNDA:0,(anonymous_43)
FNDA:0,(anonymous_44)
FNDA:0,(anonymous_45)
FNDA:0,(anonymous_46)
FNDA:0,(anonymous_47)
FNDA:0,(anonymous_48)
FNDA:0,(anonymous_49)
FNDA:0,(anonymous_50)
FNDA:0,(anonymous_51)
FNDA:0,(anonymous_52)
FNDA:0,(anonymous_53)
FNDA:0,(anonymous_54)
FNDA:0,(anonymous_55)
FNDA:0,(anonymous_56)
FNDA:0,(anonymous_57)
FNDA:0,(anonymous_58)
FNDA:0,(anonymous_59)
FNDA:0,(anonymous_60)
FNDA:0,(anonymous_61)
FNDA:0,(anonymous_62)
FNDA:0,initializeAlgorithmSubscriptions
FNDA:0,cleanupAlgorithmSubscriptions
DA:23,0
DA:29,0
DA:69,0
DA:70,0
DA:71,0
DA:77,0
DA:78,0
DA:79,0
DA:84,0
DA:85,0
DA:98,0
DA:101,0
DA:112,0
DA:115,0
DA:116,0
DA:118,0
DA:119,0
DA:120,0
DA:123,0
DA:124,0
DA:125,0
DA:126,0
DA:130,0
DA:131,0
DA:134,0
DA:136,0
DA:137,0
DA:141,0
DA:152,0
DA:155,0
DA:157,0
DA:158,0
DA:161,0
DA:163,0
DA:164,0
DA:165,0
DA:166,0
DA:170,0
DA:180,0
DA:183,0
DA:184,0
DA:192,0
DA:195,0
DA:196,0
DA:197,0
DA:206,0
DA:209,0
DA:211,0
DA:212,0
DA:213,0
DA:215,0
DA:216,0
DA:220,0
DA:228,0
DA:231,0
DA:232,0
DA:233,0
DA:241,0
DA:244,0
DA:246,0
DA:248,0
DA:249,0
DA:251,0
DA:262,0
DA:264,0
DA:267,0
DA:269,0
DA:270,0
DA:272,0
DA:273,0
DA:276,0
DA:277,0
DA:278,0
DA:280,0
DA:281,0
DA:285,0
DA:292,0
DA:301,0
DA:316,0
DA:323,0
DA:339,0
DA:345,0
DA:352,0
DA:359,0
DA:366,0
DA:377,0
DA:378,0
DA:379,0
DA:385,0
DA:395,0
DA:405,0
DA:406,0
DA:407,0
DA:410,0
DA:411,0
DA:412,0
DA:415,0
DA:416,0
DA:417,0
DA:429,0
DA:443,0
DA:444,0
DA:456,0
DA:459,0
DA:460,0
DA:468,0
DA:469,0
DA:470,0
DA:471,0
DA:474,0
DA:475,0
DA:476,0
DA:479,0
DA:480,0
DA:483,0
DA:484,0
DA:485,0
DA:486,0
DA:488,0
DA:493,0
DA:495,0
DA:496,0
DA:499,0
DA:501,0
DA:502,0
DA:503,0
DA:504,0
DA:511,0
DA:512,0
DA:513,0
DA:514,0
DA:517,0
DA:527,0
DA:528,0
DA:529,0
DA:530,0
DA:533,0
DA:534,0
DA:535,0
DA:538,0
DA:539,0
DA:540,0
DA:541,0
DA:542,0
DA:543,0
DA:545,0
DA:550,0
DA:552,0
DA:553,0
DA:556,0
DA:558,0
DA:559,0
DA:560,0
DA:561,0
DA:568,0
DA:569,0
DA:570,0
DA:571,0
DA:575,0
DA:576,0
DA:577,0
DA:578,0
DA:581,0
DA:591,0
DA:592,0
DA:593,0
DA:594,0
DA:597,0
DA:598,0
DA:601,0
DA:602,0
DA:603,0
DA:604,0
DA:605,0
DA:606,0
DA:608,0
DA:613,0
DA:614,0
DA:618,0
DA:619,0
DA:620,0
DA:625,0
DA:626,0
DA:627,0
DA:632,0
DA:633,0
DA:634,0
DA:639,0
DA:640,0
DA:641,0
DA:647,0
DA:648,0
DA:649,0
DA:654,0
DA:655,0
DA:656,0
DA:661,0
DA:662,0
DA:663,0
DA:664,0
DA:667,0
DA:677,0
DA:678,0
DA:679,0
DA:680,0
DA:683,0
DA:684,0
DA:687,0
DA:688,0
DA:690,0
DA:691,0
DA:692,0
DA:693,0
DA:698,0
DA:699,0
DA:700,0
DA:701,0
DA:704,0
DA:718,0
DA:721,0
DA:724,0
DA:727,0
DA:730,0
DA:732,0
DA:739,0
DA:740,0
DA:741,0
DA:742,0
DA:743,0
LF:229
LH:0
BRDA:123,0,0,0
BRDA:123,0,1,0
BRDA:124,1,0,0
BRDA:124,1,1,0
BRDA:130,2,0,0
BRDA:130,2,1,0
BRDA:131,3,0,0
BRDA:131,3,1,0
BRDA:134,4,0,0
BRDA:134,4,1,0
BRDA:134,5,0,0
BRDA:134,5,1,0
BRDA:136,6,0,0
BRDA:136,6,1,0
BRDA:136,7,0,0
BRDA:136,7,1,0
BRDA:136,7,2,0
BRDA:161,8,0,0
BRDA:161,8,1,0
BRDA:163,9,0,0
BRDA:163,9,1,0
BRDA:164,10,0,0
BRDA:164,10,1,0
BRDA:197,11,0,0
BRDA:197,11,1,0
BRDA:215,12,0,0
BRDA:215,12,1,0
BRDA:248,13,0,0
BRDA:248,13,1,0
BRDA:267,14,0,0
BRDA:267,14,1,0
BRDA:270,15,0,0
BRDA:270,15,1,0
BRDA:273,16,0,0
BRDA:273,16,1,0
BRDA:278,17,0,0
BRDA:278,17,1,0
BRDA:280,18,0,0
BRDA:280,18,1,0
BRDA:378,19,0,0
BRDA:378,19,1,0
BRDA:443,20,0,0
BRDA:443,20,1,0
BRDA:469,21,0,0
BRDA:469,21,1,0
BRDA:480,22,0,0
BRDA:480,22,1,0
BRDA:480,23,0,0
BRDA:480,23,1,0
BRDA:495,24,0,0
BRDA:495,24,1,0
BRDA:499,25,0,0
BRDA:499,25,1,0
BRDA:502,26,0,0
BRDA:502,26,1,0
BRDA:528,27,0,0
BRDA:528,27,1,0
BRDA:539,28,0,0
BRDA:539,28,1,0
BRDA:539,29,0,0
BRDA:539,29,1,0
BRDA:552,30,0,0
BRDA:552,30,1,0
BRDA:556,31,0,0
BRDA:556,31,1,0
BRDA:559,32,0,0
BRDA:559,32,1,0
BRDA:569,33,0,0
BRDA:569,33,1,0
BRDA:592,34,0,0
BRDA:592,34,1,0
BRDA:602,35,0,0
BRDA:602,35,1,0
BRDA:614,36,0,0
BRDA:614,36,1,0
BRDA:619,37,0,0
BRDA:619,37,1,0
BRDA:626,38,0,0
BRDA:626,38,1,0
BRDA:633,39,0,0
BRDA:633,39,1,0
BRDA:640,40,0,0
BRDA:640,40,1,0
BRDA:648,41,0,0
BRDA:648,41,1,0
BRDA:655,42,0,0
BRDA:655,42,1,0
BRDA:678,43,0,0
BRDA:678,43,1,0
BRDA:688,44,0,0
BRDA:688,44,1,0
BRDA:691,45,0,0
BRDA:691,45,1,0
BRDA:691,46,0,0
BRDA:691,46,1,0
BRF:95
BRH:0
end_of_record
TN:
SF:src/lib/commons/mutual-priority-allocation.svelte.ts
FN:156,computeMutualRecognition
FN:183,computeAllMutualRecognition
FN:228,(anonymous_2)
FN:246,(anonymous_3)
FN:248,(anonymous_4)
FN:249,(anonymous_5)
FN:260,(anonymous_6)
FN:262,(anonymous_7)
FN:265,(anonymous_8)
FN:276,(anonymous_9)
FN:310,(anonymous_10)
FN:347,(anonymous_11)
FN:350,(anonymous_12)
FN:371,(anonymous_13)
FN:374,(anonymous_14)
FN:394,(anonymous_15)
FN:405,(anonymous_16)
FN:409,(anonymous_17)
FN:413,(anonymous_18)
FN:426,(anonymous_19)
FN:466,(anonymous_20)
FN:468,(anonymous_21)
FN:472,(anonymous_22)
FN:488,computeTwoTierAllocation
FN:673,passesFilter
[...]
FNDA:0,debugViewDetection
FNDA:0,(anonymous_26)
FNDA:0,verifyTourElements
FNDA:0,(anonymous_28)
FNDA:0,(anonymous_29)
DA:5,0
DA:74,0
DA:75,0
DA:90,0
DA:91,0
DA:106,0
DA:107,0
DA:240,0
DA:281,0
DA:350,0
DA:351,0
DA:353,0
DA:354,0
DA:356,0
DA:357,0
DA:396,0
DA:400,0
DA:402,0
DA:403,0
DA:408,0
DA:409,0
DA:411,0
DA:417,0
DA:419,0
DA:420,0
DA:421,0
DA:423,0
DA:424,0
DA:427,0
DA:428,0
DA:429,0
DA:430,0
DA:431,0
DA:434,0
DA:436,0
DA:437,0
DA:443,0
DA:445,0
DA:446,0
DA:447,0
DA:449,0
DA:455,0
DA:458,0
DA:459,0
DA:462,0
DA:464,0
DA:466,0
DA:469,0
DA:475,0
DA:476,0
DA:477,0
DA:478,0
DA:479,0
DA:480,0
DA:482,0
DA:485,0
DA:491,0
DA:494,0
DA:495,0
DA:498,0
DA:499,0
DA:502,0
DA:503,0
DA:504,0
DA:510,0
DA:512,0
DA:514,0
DA:515,0
DA:516,0
DA:517,0
DA:519,0
DA:521,0
DA:522,0
DA:524,0
DA:526,0
DA:527,0
DA:528,0
DA:529,0
DA:531,0
DA:533,0
DA:534,0
DA:537,0
DA:539,0
DA:540,0
DA:541,0
DA:542,0
DA:544,0
DA:546,0
DA:547,0
DA:550,0
DA:553,0
DA:554,0
DA:557,0
DA:565,0
DA:566,0
DA:569,0
DA:573,0
DA:574,0
DA:577,0
DA:581,0
DA:582,0
DA:584,0
DA:585,0
DA:588,0
DA:589,0
DA:593,0
DA:594,0
DA:600,0
DA:605,0
DA:613,0
DA:618,0
DA:626,0
DA:631,0
DA:639,0
DA:644,0
DA:645,0
DA:650,0
DA:651,0
DA:652,0
DA:655,0
DA:656,0
DA:657,0
DA:660,0
DA:662,0
DA:663,0
DA:664,0
DA:665,0
DA:667,0
DA:670,0
DA:671,0
DA:672,0
DA:673,0
DA:674,0
DA:678,0
DA:685,0
DA:687,0
DA:689,0
DA:690,0
DA:691,0
DA:692,0
DA:694,0
DA:698,0
DA:733,0
DA:735,0
DA:737,0
DA:743,0
DA:744,0
DA:745,0
DA:746,0
DA:747,0
DA:749,0
DA:750,0
DA:754,0
DA:756,0
DA:757,0
DA:758,0
DA:762,0
DA:763,0
DA:765,0
DA:766,0
DA:767,0
DA:768,0
DA:769,0
DA:770,0
DA:775,0
DA:777,0
LF:166
LH:0
BRDA:353,0,0,0
BRDA:353,0,1,0
BRDA:400,1,0,0
BRDA:400,1,1,0
BRDA:417,2,0,0
BRDA:417,2,1,0
BRDA:421,3,0,0
BRDA:421,3,1,0
BRDA:428,4,0,0
BRDA:428,4,1,0
BRDA:443,5,0,0
BRDA:443,5,1,0
BRDA:455,6,0,0
BRDA:455,6,1,0
BRDA:462,7,0,0
BRDA:462,7,1,0
BRDA:462,7,2,0
BRDA:462,7,3,0
BRDA:475,8,0,0
BRDA:475,8,1,0
BRDA:477,9,0,0
BRDA:477,9,1,0
BRDA:502,10,0,0
BRDA:502,10,1,0
BRDA:502,11,0,0
BRDA:502,11,1,0
BRDA:510,12,0,0
BRDA:510,12,1,0
BRDA:510,12,2,0
BRDA:510,12,3,0
BRDA:515,13,0,0
BRDA:515,13,1,0
BRDA:515,14,0,0
BRDA:515,14,1,0
BRDA:527,15,0,0
BRDA:527,15,1,0
BRDA:527,16,0,0
BRDA:527,16,1,0
BRDA:540,17,0,0
BRDA:540,17,1,0
BRDA:540,18,0,0
BRDA:540,18,1,0
BRDA:553,19,0,0
BRDA:553,19,1,0
BRDA:565,20,0,0
BRDA:565,20,1,0
BRDA:573,21,0,0
BRDA:573,21,1,0
BRDA:581,22,0,0
BRDA:581,22,1,0
BRDA:582,23,0,0
BRDA:582,23,1,0
BRDA:593,24,0,0
BRDA:593,24,1,0
BRDA:662,25,0,0
BRDA:662,25,1,0
BRDA:664,26,0,0
BRDA:664,26,1,0
BRDA:672,27,0,0
BRDA:672,27,1,0
BRDA:675,28,0,0
BRDA:675,28,1,0
BRDA:689,29,0,0
BRDA:689,29,1,0
BRDA:691,30,0,0
BRDA:691,30,1,0
BRDA:733,31,0,0
BRDA:733,31,1,0
BRDA:745,32,0,0
BRDA:745,32,1,0
BRDA:756,33,0,0
BRDA:756,33,1,0
BRDA:766,34,0,0
BRDA:766,34,1,0
BRDA:768,35,0,0
BRDA:768,35,1,0
BRF:76
BRH:0
end_of_record
TN:
SF:src/lib/utils/treeSearch.ts
FN:17,fuzzyMatch
FN:28,calculateSearchScore
FN:53,searchTree
FN:67,(anonymous_3)
FN:85,(anonymous_4)
FN:89,getBestNavigationPath
FN:100,searchTreeForNavigation
FN:112,(anonymous_7)
FNF:8
FNH:0
FNDA:0,fuzzyMatch
FNDA:0,calculateSearchScore
FNDA:0,searchTree
FNDA:0,(anonymous_3)
FNDA:0,(anonymous_4)
FNDA:0,getBestNavigationPath
FNDA:0,searchTreeForNavigation
FNDA:0,(anonymous_7)
DA:18,0
DA:19,0
DA:20,0
DA:21,0
DA:24,0
DA:29,0
DA:30,0
DA:33,0
DA:34,0
DA:37,0
DA:38,0
DA:41,0
DA:42,0
DA:45,0
DA:46,0
DA:49,0
DA:54,0
DA:56,0
DA:57,0
DA:59,0
DA:60,0
DA:62,0
DA:64,0
DA:67,0
DA:68,0
DA:69,0
DA:73,0
DA:75,0
DA:85,0
DA:91,0
DA:92,0
DA:96,0
DA:110,0
DA:112,0
LF:34
LH:0
BRDA:19,0,0,0
BRDA:19,0,1,0
BRDA:20,1,0,0
BRDA:20,1,1,0
BRDA:33,2,0,0
BRDA:33,2,1,0
BRDA:37,3,0,0
BRDA:37,3,1,0
BRDA:41,4,0,0
BRDA:41,4,1,0
BRDA:45,5,0,0
BRDA:45,5,1,0
BRDA:53,6,0,0
BRDA:54,7,0,0
BRDA:54,7,1,0
BRDA:62,8,0,0
BRDA:62,8,1,0
BRDA:64,9,0,0
BRDA:64,9,1,0
BRDA:69,10,0,0
BRDA:69,10,1,0
BRDA:92,11,0,0
BRDA:92,11,1,0
BRDA:103,12,0,0
BRF:24
BRH:0
end_of_record
TN:
SF:src/lib/utils/ui-providers.svelte.ts
FN:20,getDisplayName
FN:31,createContactsAndUsersDataProvider
FN:34,(anonymous_2)
FN:51,(anonymous_3)
FN:82,(anonymous_4)
FN:99,(anonymous_5)
FN:110,(anonymous_6)
FN:123,createUsersDataProvider
FN:124,(anonymous_8)
FN:127,(anonymous_9)
FN:129,(anonymous_10)
FN:130,(anonymous_11)
FN:142,(anonymous_12)
FN:146,(anonymous_13)
FN:147,(anonymous_14)
FN:155,(anonymous_15)
FN:166,createSubtreesDataProvider
FN:167,(anonymous_17)
FN:179,(anonymous_18)
FN:197,createCapacitiesDataProvider
FN:200,(anonymous_20)
FN:207,(anonymous_21)
FN:208,(anonymous_22)
FN:226,createAllNetworkCapacitiesDataProvider
FN:229,(anonymous_24)
FN:237,(anonymous_25)
FN:240,(anonymous_26)
FN:262,createContributorsDataProvider
FN:263,(anonymous_28)
FN:268,(anonymous_29)
FN:281,getUserSharesFromAllProviders
FN:295,createChildContributorsDataProvider
FN:302,(anonymous_32)
FN:314,(anonymous_33)
FN:321,(anonymous_34)
FN:339,createSlotsDataProvider
FN:342,(anonymous_36)
FN:360,formatSlotInfo
FN:393,(anonymous_38)
FN:397,(anonymous_39)
FN:423,(anonymous_40)
FN:430,(anonymous_41)
FN:457,(anonymous_42)
FN:469,createAllocatedSlotsDataProvider
FN:472,(anonymous_44)
FN:490,formatSlotInfo
FN:522,(anonymous_46)
FN:527,(anonymous_47)
FN:555,(anonymous_48)
FN:567,createCompositionTargetsDataProvider
FN:576,(anonymous_50)
FN:605,formatSlotInfo
FN:638,(anonymous_52)
FN:642,(anonymous_53)
FN:672,(anonymous_54)
FN:679,(anonymous_55)
FN:711,(anonymous_56)
FN:733,(anonymous_57)
FNF:58
FNH:0
FNDA:0,getDisplayName
FNDA:0,createContactsAndUsersDataProvider
FNDA:0,(anonymous_2)
FNDA:0,(anonymous_3)
FNDA:0,(anonymous_4)
FNDA:0,(anonymous_5)
FNDA:0,(anonymous_6)
FNDA:0,createUsersDataProvider
FNDA:0,(anonymous_8)
FNDA:0,(anonymous_9)
FNDA:0,(anonymous_10)
FNDA:0,(anonymous_11)
FNDA:0,(anonymous_12)
FNDA:0,(anonymous_13)
FNDA:0,(anonymous_14)
FNDA:0,(anonymous_15)
FNDA:0,createSubtreesDataProvider
FNDA:0,(anonymous_17)
FNDA:0,(anonymous_18)
FNDA:0,createCapacitiesDataProvider
FNDA:0,(anonymous_20)
FNDA:0,(anonymous_21)
FNDA:0,(anonymous_22)
FNDA:0,createAllNetworkCapacitiesDataProvider
FNDA:0,(anonymous_24)
FNDA:0,(anonymous_25)
FNDA:0,(anonymous_26)
FNDA:0,createContributorsDataProvider
FNDA:0,(anonymous_28)
FNDA:0,(anonymous_29)
FNDA:0,getUserSharesFromAllProviders
FNDA:0,createChildContributorsDataProvider
FNDA:0,(anonymous_32)
FNDA:0,(anonymous_33)
FNDA:0,(anonymous_34)
FNDA:0,createSlotsDataProvider
FNDA:0,(anonymous_36)
FNDA:0,formatSlotInfo
FNDA:0,(anonymous_38)
FNDA:0,(anonymous_39)
FNDA:0,(anonymous_40)
FNDA:0,(anonymous_41)
FNDA:0,(anonymous_42)
FNDA:0,createAllocatedSlotsDataProvider
FNDA:0,(anonymous_44)
FNDA:0,formatSlotInfo
FNDA:0,(anonymous_46)
FNDA:0,(anonymous_47)
FNDA:0,(anonymous_48)
FNDA:0,createCompositionTargetsDataProvider
FNDA:0,(anonymous_50)
FNDA:0,formatSlotInfo
FNDA:0,(anonymous_52)
FNDA:0,(anonymous_53)
FNDA:0,(anonymous_54)
FNDA:0,(anonymous_55)
FNDA:0,(anonymous_56)
FNDA:0,(anonymous_57)
DA:21,0
DA:22,0
DA:26,0
DA:27,0
DA:32,0
DA:44,0
DA:47,0
DA:50,0
DA:51,0
DA:52,0
DA:55,0
DA:56,0
DA:59,0
DA:71,0
DA:72,0
DA:73,0
DA:79,0
DA:80,0
DA:82,0
DA:83,0
DA:84,0
DA:86,0
DA:99,0
DA:101,0
DA:102,0
DA:105,0
DA:108,0
DA:110,0
DA:117,0
DA:124,0
DA:125,0
DA:127,0
DA:129,0
DA:130,0
DA:133,0
DA:134,0
DA:135,0
DA:139,0
DA:140,0
DA:142,0
DA:145,0
DA:146,0
DA:147,0
DA:153,0
DA:155,0
DA:161,0
DA:167,0
DA:168,0
DA:169,0
DA:176,0
DA:179,0
DA:180,0
DA:182,0
DA:192,0
DA:198,0
DA:201,0
DA:202,0
DA:206,0
DA:207,0
DA:210,0
DA:211,0
DA:213,0
DA:220,0
DA:227,0
DA:230,0
DA:231,0
DA:235,0
DA:237,0
DA:238,0
DA:240,0
DA:242,0
DA:244,0
DA:256,0
DA:263,0
DA:264,0
DA:265,0
DA:268,0
DA:286,0
DA:290,0
DA:292,0
DA:300,0
DA:302,0
DA:304,0
DA:305,0
DA:306,0
DA:307,0
DA:308,0
DA:313,0
DA:314,0
DA:323,0
DA:324,0
DA:325,0
DA:326,0
DA:328,0
DA:329,0
DA:330,0
DA:331,0
DA:333,0
DA:340,0
DA:357,0
DA:361,0
DA:363,0
DA:364,0
DA:367,0
DA:368,0
DA:371,0
DA:372,0
DA:375,0
DA:377,0
DA:378,0
DA:379,0
DA:380,0
DA:381,0
DA:382,0
DA:384,0
DA:385,0
DA:388,0
DA:392,0
DA:393,0
DA:394,0
DA:396,0
DA:397,0
DA:398,0
DA:400,0
DA:401,0
DA:403,0
DA:422,0
DA:423,0
DA:424,0
DA:426,0
DA:427,0
DA:429,0
DA:430,0
DA:431,0
DA:433,0
DA:434,0
DA:436,0
DA:457,0
DA:458,0
DA:459,0
DA:460,0
DA:461,0
DA:462,0
DA:470,0
DA:485,0
DA:487,0
DA:491,0
DA:493,0
DA:494,0
DA:497,0
DA:498,0
DA:501,0
DA:502,0
DA:505,0
DA:507,0
DA:508,0
DA:509,0
DA:510,0
DA:511,0
DA:512,0
DA:514,0
DA:515,0
DA:518,0
DA:522,0
DA:523,0
DA:524,0
DA:525,0
DA:527,0
DA:528,0
DA:531,0
DA:532,0
DA:534,0
DA:535,0
DA:537,0
DA:555,0
DA:556,0
DA:557,0
DA:558,0
DA:559,0
DA:560,0
DA:568,0
DA:599,0
DA:602,0
DA:606,0
DA:608,0
DA:609,0
DA:612,0
DA:613,0
DA:616,0
DA:617,0
DA:620,0
DA:622,0
DA:623,0
DA:624,0
DA:625,0
DA:626,0
DA:627,0
DA:629,0
DA:630,0
DA:633,0
DA:637,0
DA:638,0
DA:639,0
DA:641,0
DA:642,0
DA:643,0
DA:644,0
DA:646,0
DA:648,0
DA:649,0
DA:651,0
DA:671,0
DA:672,0
DA:673,0
DA:675,0
DA:676,0
DA:678,0
DA:679,0
DA:680,0
DA:681,0
DA:683,0
DA:685,0
DA:686,0
DA:688,0
DA:710,0
DA:711,0
DA:712,0
DA:714,0
DA:717,0
DA:718,0
DA:720,0
DA:733,0
DA:735,0
DA:736,0
DA:739,0
LF:235
LH:0
BRDA:21,0,0,0
BRDA:21,0,1,0
BRDA:27,1,0,0
BRDA:27,1,1,0
BRDA:31,2,0,0
BRDA:50,3,0,0
BRDA:50,3,1,0
BRDA:52,4,0,0
BRDA:52,4,1,0
BRDA:55,5,0,0
BRDA:55,5,1,0
BRDA:55,6,0,0
BRDA:55,6,1,0
BRDA:63,7,0,0
BRDA:63,7,1,0
BRDA:66,8,0,0
BRDA:66,8,1,0
BRDA:72,9,0,0
BRDA:72,9,1,0
BRDA:79,10,0,0
BRDA:79,10,1,0
BRDA:83,11,0,0
BRDA:83,11,1,0
BRDA:84,12,0,0
BRDA:84,12,1,0
BRDA:101,13,0,0
BRDA:101,13,1,0
BRDA:101,14,0,0
BRDA:101,14,1,0
BRDA:102,15,0,0
BRDA:102,15,1,0
BRDA:102,16,0,0
BRDA:102,16,1,0
BRDA:123,17,0,0
BRDA:126,18,0,0
BRDA:126,18,1,0
BRDA:127,19,0,0
BRDA:127,19,1,0
BRDA:128,20,0,0
BRDA:128,20,1,0
BRDA:129,21,0,0
BRDA:129,21,1,0
BRDA:133,22,0,0
BRDA:133,22,1,0
BRDA:168,23,0,0
BRDA:168,23,1,0
BRDA:168,24,0,0
BRDA:168,24,1,0
BRDA:180,25,0,0
BRDA:180,25,1,0
BRDA:201,26,0,0
BRDA:201,26,1,0
BRDA:210,27,0,0
BRDA:210,27,1,0
BRDA:211,28,0,0
BRDA:211,28,1,0
BRDA:215,29,0,0
BRDA:215,29,1,0
BRDA:230,30,0,0
BRDA:230,30,1,0
BRDA:242,31,0,0
BRDA:242,31,1,0
BRDA:246,32,0,0
BRDA:246,32,1,0
BRDA:264,33,0,0
BRDA:264,33,1,0
BRDA:270,34,0,0
BRDA:270,34,1,0
BRDA:297,35,0,0
BRDA:305,36,0,0
BRDA:305,36,1,0
BRDA:305,37,0,0
BRDA:305,37,1,0
BRDA:307,38,0,0
BRDA:307,38,1,0
BRDA:307,39,0,0
BRDA:307,39,1,0
BRDA:308,40,0,0
BRDA:308,40,1,0
BRDA:323,41,0,0
BRDA:323,41,1,0
BRDA:324,42,0,0
BRDA:324,42,1,0
BRDA:325,43,0,0
BRDA:325,43,1,0
BRDA:326,44,0,0
BRDA:326,44,1,0
BRDA:328,45,0,0
BRDA:328,45,1,0
BRDA:328,46,0,0
BRDA:328,46,1,0
BRDA:329,47,0,0
BRDA:329,47,1,0
BRDA:329,48,0,0
BRDA:329,48,1,0
BRDA:330,49,0,0
BRDA:330,49,1,0
BRDA:330,50,0,0
BRDA:330,50,1,0
BRDA:331,51,0,0
BRDA:331,51,1,0
BRDA:331,52,0,0
BRDA:331,52,1,0
BRDA:339,53,0,0
BRDA:363,54,0,0
BRDA:363,54,1,0
BRDA:367,55,0,0
BRDA:367,55,1,0
BRDA:367,56,0,0
BRDA:367,56,1,0
BRDA:371,57,0,0
BRDA:371,57,1,0
BRDA:375,58,0,0
BRDA:375,58,1,0
BRDA:378,59,0,0
BRDA:378,59,1,0
BRDA:379,60,0,0
BRDA:379,60,1,0
BRDA:381,61,0,0
BRDA:381,61,1,0
BRDA:381,62,0,0
BRDA:381,62,1,0
BRDA:384,63,0,0
BRDA:384,63,1,0
BRDA:392,64,0,0
BRDA:392,64,1,0
BRDA:394,65,0,0
BRDA:394,65,1,0
BRDA:394,66,0,0
BRDA:394,66,1,0
BRDA:396,67,0,0
BRDA:396,67,1,0
BRDA:396,68,0,0
BRDA:396,68,1,0
BRDA:398,69,0,0
BRDA:398,69,1,0
BRDA:401,70,0,0
BRDA:401,70,1,0
BRDA:410,71,0,0
BRDA:410,71,1,0
BRDA:422,72,0,0
BRDA:422,72,1,0
BRDA:424,73,0,0
BRDA:424,73,1,0
BRDA:424,74,0,0
BRDA:424,74,1,0
BRDA:427,75,0,0
BRDA:427,75,1,0
BRDA:429,76,0,0
BRDA:429,76,1,0
BRDA:429,77,0,0
BRDA:429,77,1,0
BRDA:431,78,0,0
BRDA:431,78,1,0
BRDA:434,79,0,0
BRDA:434,79,1,0
BRDA:445,80,0,0
BRDA:445,80,1,0
BRDA:459,81,0,0
BRDA:459,81,1,0
BRDA:460,82,0,0
BRDA:460,82,1,0
BRDA:461,83,0,0
BRDA:461,83,1,0
BRDA:469,84,0,0
BRDA:487,85,0,0
BRDA:487,85,1,0
BRDA:493,86,0,0
BRDA:493,86,1,0
BRDA:497,87,0,0
BRDA:497,87,1,0
BRDA:497,88,0,0
BRDA:497,88,1,0
BRDA:501,89,0,0
BRDA:501,89,1,0
BRDA:505,90,0,0
BRDA:505,90,1,0
BRDA:508,91,0,0
BRDA:508,91,1,0
BRDA:509,92,0,0
BRDA:509,92,1,0
BRDA:511,93,0,0
BRDA:511,93,1,0
BRDA:511,94,0,0
BRDA:511,94,1,0
BRDA:514,95,0,0
BRDA:514,95,1,0
BRDA:523,96,0,0
BRDA:523,96,1,0
BRDA:523,97,0,0
BRDA:523,97,1,0
BRDA:525,98,0,0
BRDA:525,98,1,0
BRDA:528,99,0,0
BRDA:528,99,1,0
BRDA:531,100,0,0
BRDA:531,100,1,0
BRDA:532,101,0,0
BRDA:532,101,1,0
BRDA:535,102,0,0
BRDA:535,102,1,0
BRDA:544,103,0,0
BRDA:544,103,1,0
BRDA:544,103,2,0
BRDA:557,104,0,0
BRDA:557,104,1,0
BRDA:558,105,0,0
BRDA:558,105,1,0
BRDA:559,106,0,0
BRDA:559,106,1,0
BRDA:567,107,0,0
BRDA:608,108,0,0
BRDA:608,108,1,0
BRDA:612,109,0,0
BRDA:612,109,1,0
BRDA:612,110,0,0
BRDA:612,110,1,0
BRDA:616,111,0,0
BRDA:616,111,1,0
BRDA:620,112,0,0
BRDA:620,112,1,0
BRDA:623,113,0,0
BRDA:623,113,1,0
BRDA:624,114,0,0
BRDA:624,114,1,0
BRDA:626,115,0,0
BRDA:626,115,1,0
BRDA:626,116,0,0
BRDA:626,116,1,0
BRDA:629,117,0,0
BRDA:629,117,1,0
BRDA:637,118,0,0
BRDA:637,118,1,0
BRDA:639,119,0,0
BRDA:639,119,1,0
BRDA:641,120,0,0
BRDA:641,120,1,0
BRDA:641,121,0,0
BRDA:641,121,1,0
BRDA:644,122,0,0
BRDA:644,122,1,0
BRDA:644,123,0,0
BRDA:644,123,1,0
BRDA:649,124,0,0
BRDA:649,124,1,0
BRDA:659,125,0,0
BRDA:659,125,1,0
BRDA:671,126,0,0
BRDA:671,126,1,0
BRDA:673,127,0,0
BRDA:673,127,1,0
BRDA:676,128,0,0
BRDA:676,128,1,0
BRDA:678,129,0,0
BRDA:678,129,1,0
BRDA:678,130,0,0
BRDA:678,130,1,0
BRDA:681,131,0,0
BRDA:681,131,1,0
BRDA:681,132,0,0
BRDA:681,132,1,0
BRDA:686,133,0,0
BRDA:686,133,1,0
BRDA:698,134,0,0
BRDA:698,134,1,0
BRDA:710,135,0,0
BRDA:710,135,1,0
BRDA:712,136,0,0
BRDA:712,136,1,0
BRDA:712,137,0,0
BRDA:712,137,1,0
BRDA:717,138,0,0
BRDA:717,138,1,0
BRDA:717,138,2,0
BRDA:735,139,0,0
BRDA:735,139,1,0
BRDA:735,140,0,0
BRDA:735,140,1,0
BRDA:736,141,0,0
BRDA:736,141,1,0
BRDA:736,142,0,0
BRDA:736,142,1,0
BRF:282
BRH:0
end_of_record
TN:
SF:src/lib/utils/userStateExport.ts
FN:60,exportUserState
FN:91,validateUserStateImport
FN:156,importUserState
FN:240,exportUserStateAsJSON
FN:248,importUserStateFromJSON
FNF:5
FNH:0
FNDA:0,exportUserState
FNDA:0,validateUserStateImport
FNDA:0,importUserState
FNDA:0,exportUserStateAsJSON
FNDA:0,importUserStateFromJSON
DA:61,0
DA:63,0
DA:76,0
DA:85,0
DA:92,0
DA:95,0
DA:96,0
DA:100,0
DA:101,0
DA:102,0
DA:106,0
DA:107,0
DA:108,0
DA:111,0
DA:112,0
DA:114,0
DA:115,0
DA:121,0
DA:122,0
DA:126,0
DA:127,0
DA:131,0
DA:132,0
DA:135,0
DA:136,0
DA:140,0
DA:141,0
DA:144,0
DA:167,0
DA:170,0
DA:171,0
DA:172,0
DA:173,0
DA:176,0
DA:178,0
DA:180,0
DA:181,0
DA:182,0
DA:183,0
DA:184,0
DA:188,0
DA:189,0
DA:190,0
DA:191,0
DA:192,0
DA:196,0
DA:197,0
DA:198,0
DA:199,0
DA:200,0
DA:204,0
DA:205,0
DA:206,0
DA:207,0
DA:208,0
DA:212,0
DA:213,0
DA:214,0
DA:215,0
DA:216,0
DA:220,0
DA:221,0
DA:222,0
DA:223,0
DA:224,0
DA:227,0
DA:228,0
DA:230,0
DA:231,0
DA:232,0
DA:233,0
DA:241,0
DA:242,0
DA:259,0
DA:260,0
DA:261,0
DA:263,0
DA:264,0
DA:265,0
LF:79
LH:0
BRDA:79,0,0,0
BRDA:79,0,1,0
BRDA:80,1,0,0
BRDA:80,1,1,0
BRDA:81,2,0,0
BRDA:81,2,1,0
BRDA:82,3,0,0
BRDA:82,3,1,0
BRDA:95,4,0,0
BRDA:95,4,1,0
BRDA:100,5,0,0
BRDA:100,5,1,0
BRDA:100,6,0,0
BRDA:100,6,1,0
BRDA:106,7,0,0
BRDA:106,7,1,0
BRDA:107,8,0,0
BRDA:107,8,1,0
BRDA:107,9,0,0
BRDA:107,9,1,0
BRDA:111,10,0,0
BRDA:111,10,1,0
BRDA:111,11,0,0
BRDA:111,11,1,0
BRDA:114,12,0,0
BRDA:114,12,1,0
BRDA:121,13,0,0
BRDA:121,13,1,0
BRDA:121,14,0,0
BRDA:121,14,1,0
BRDA:126,15,0,0
BRDA:126,15,1,0
BRDA:126,16,0,0
BRDA:126,16,1,0
BRDA:131,17,0,0
BRDA:131,17,1,0
BRDA:131,18,0,0
BRDA:131,18,1,0
BRDA:135,19,0,0
BRDA:135,19,1,0
BRDA:135,20,0,0
BRDA:135,20,1,0
BRDA:140,21,0,0
BRDA:140,21,1,0
BRDA:140,22,0,0
BRDA:140,22,1,0
BRDA:158,23,0,0
BRDA:171,24,0,0
BRDA:171,24,1,0
BRDA:180,25,0,0
BRDA:180,25,1,0
BRDA:180,26,0,0
BRDA:180,26,1,0
BRDA:188,27,0,0
BRDA:188,27,1,0
BRDA:188,28,0,0
BRDA:188,28,1,0
BRDA:196,29,0,0
BRDA:196,29,1,0
BRDA:196,30,0,0
BRDA:196,30,1,0
BRDA:204,31,0,0
BRDA:204,31,1,0
BRDA:204,32,0,0
BRDA:204,32,1,0
BRDA:212,33,0,0
BRDA:212,33,1,0
BRDA:212,34,0,0
BRDA:212,34,1,0
BRDA:220,35,0,0
BRDA:220,35,1,0
BRDA:220,36,0,0
BRDA:220,36,1,0
BRDA:230,37,0,0
BRDA:230,37,1,0
BRDA:240,38,0,0
BRDA:242,39,0,0
BRDA:242,39,1,0
BRDA:263,40,0,0
BRDA:263,40,1,0
BRF:80
BRH:0
end_of_record
TN:
SF:src/routes/+layout.ts
FN:12,(anonymous_0)
FNF:1
FNH:0
FNDA:0,(anonymous_0)
DA:5,0
DA:6,0
DA:9,0
DA:12,0
DA:13,0
DA:15,0
DA:17,0
DA:20,0
DA:21,0
DA:22,0
DA:26,0
DA:29,0
DA:32,0
LF:13
LH:0
BRDA:15,0,0,0
BRDA:15,0,1,0
BRDA:17,1,0,0
BRDA:17,1,1,0
BRDA:20,2,0,0
BRDA:20,2,1,0
BRDA:22,3,0,0
BRDA:22,3,1,0
BRDA:23,4,0,0
BRDA:23,4,1,0
BRDA:33,5,0,0
BRDA:33,5,1,0
BRF:12
BRH:0
end_of_record
TN:
SF:src/routes/api/ai/+server.ts
FN:8,(anonymous_0)
FNF:1
FNH:0
FNDA:0,(anonymous_0)
DA:8,0
DA:9,0
LF:2
LH:0
BRDA:13,0,0,0
BRDA:13,0,1,0
BRF:2
BRH:0
end_of_record
TN:
SF:src/routes/api/ai/completion/+server.ts
FN:13,(anonymous_0)
FN:129,(anonymous_1)
FNF:2
FNH:0
FNDA:0,(anonymous_0)
FNDA:0,(anonymous_1)
DA:8,0
DA:13,0
DA:14,0
DA:16,0
DA:17,0
DA:20,0
DA:21,0
DA:24,0
DA:25,0
DA:27,0
DA:28,0
DA:31,0
DA:32,0
DA:35,0
DA:38,0
DA:41,0
DA:50,0
DA:51,0
DA:52,0
DA:55,0
DA:58,0
DA:59,0
DA:60,0
DA:61,0
DA:64,0
DA:66,0
DA:73,0
DA:74,0
DA:77,0
DA:84,0
DA:92,0
DA:93,0
DA:99,0
DA:100,0
DA:104,0
DA:108,0
DA:109,0
DA:113,0
DA:118,0
DA:125,0
DA:129,0
DA:132,0
DA:143,0
DA:146,0
DA:147,0
DA:150,0
LF:46
LH:0
BRDA:8,0,0,0
BRDA:8,0,1,0
BRDA:27,1,0,0
BRDA:27,1,1,0
BRDA:35,2,0,0
BRDA:35,2,1,0
BRDA:35,2,2,0
BRDA:50,3,0,0
BRDA:50,3,1,0
BRDA:59,4,0,0
BRDA:59,4,1,0
BRDA:73,5,0,0
BRDA:73,5,1,0
BRDA:79,6,0,0
BRDA:79,6,1,0
BRDA:81,7,0,0
BRDA:81,7,1,0
BRDA:104,8,0,0
BRDA:104,8,1,0
BRDA:105,9,0,0
BRDA:105,9,1,0
BRDA:108,10,0,0
BRDA:108,10,1,0
BRDA:108,11,0,0
BRDA:108,11,1,0
BRDA:113,12,0,0
BRDA:113,12,1,0
BRDA:121,13,0,0
BRDA:121,13,1,0
BRDA:146,14,0,0
BRDA:146,14,1,0
BRF:31
BRH:0
end_of_record
TN:
SF:src/routes/api/ai/health/+server.ts
FN:8,(anonymous_0)
FNF:1
FNH:0
FNDA:0,(anonymous_0)
DA:8,0
DA:9,0
LF:2
LH:0
BRDA:13,0,0,0
BRDA:13,0,1,0
BRF:2
BRH:0
end_of_record
TN:
SF:src/routes/api/ai/token/+server.ts
FN:11,(anonymous_0)
FNF:1
FNH:0
FNDA:0,(anonymous_0)
DA:11,0
DA:12,0
DA:14,0
DA:16,0
DA:17,0
DA:19,0
DA:20,0
DA:23,0
DA:24,0
DA:26,0
DA:27,0
DA:30,0
DA:31,0
DA:36,0
DA:42,0
DA:44,0
DA:45,0
DA:48,0
LF:18
LH:0
BRDA:19,0,0,0
BRDA:19,0,1,0
BRDA:24,1,0,0
BRDA:24,1,1,0
BRDA:26,2,0,0
BRDA:26,2,1,0
BRDA:30,3,0,0
BRDA:30,3,1,0
BRDA:32,4,0,0
BRDA:32,4,1,0
BRDA:44,5,0,0
BRDA:44,5,1,0
BRF:12
BRH:0
end_of_record
TN:
SF:src/routes/api/keys/[model]/+server.ts
FN:8,(anonymous_0)
FN:36,(anonymous_1)
FN:66,(anonymous_2)
FNF:3
FNH:0
FNDA:0,(anonymous_0)
FNDA:0,(anonymous_1)
FNDA:0,(anonymous_2)
DA:8,0
DA:9,0
DA:12,0
DA:13,0
DA:16,0
DA:18,0
DA:19,0
DA:22,0
DA:36,0
DA:37,0
DA:39,0
DA:40,0
DA:43,0
DA:44,0
DA:46,0
DA:47,0
DA:50,0
DA:52,0
DA:53,0
DA:56,0
DA:66,0
DA:67,0
DA:69,0
DA:70,0
DA:73,0
DA:74,0
DA:76,0
DA:77,0
DA:80,0
DA:82,0
DA:83,0
DA:86,0
LF:32
LH:0
BRDA:12,0,0,0
BRDA:12,0,1,0
BRDA:18,1,0,0
BRDA:18,1,1,0
BRDA:39,2,0,0
BRDA:39,2,1,0
BRDA:46,3,0,0
BRDA:46,3,1,0
BRDA:46,4,0,0
BRDA:46,4,1,0
BRDA:52,5,0,0
BRDA:52,5,1,0
BRDA:69,6,0,0
BRDA:69,6,1,0
BRDA:76,7,0,0
BRDA:76,7,1,0
BRDA:82,8,0,0
BRDA:82,8,1,0
BRF:18
BRH:0
end_of_record
TN:
SF:src/routes/api/keys/health/+server.ts
FN:8,(anonymous_0)
FNF:1
FNH:0
FNDA:0,(anonymous_0)
DA:8,0
DA:9,0
DA:10,0
DA:11,0
DA:15,0
LF:5
LH:0
BRDA:11,0,0,0
BRDA:11,0,1,0
BRF:2
BRH:0
end_of_record
TN:
SF:src/routes/api/keys/health/[model]/+server.ts
FN:9,(anonymous_0)
FNF:1
FNH:0
FNDA:0,(anonymous_0)
DA:9,0
DA:10,0
DA:13,0
DA:14,0
DA:16,0
DA:17,0
DA:20,0
DA:22,0
DA:24,0
DA:25,0
DA:28,0
LF:11
LH:0
BRDA:16,0,0,0
BRDA:16,0,1,0
BRDA:22,1,0,0
BRDA:22,1,1,0
BRDA:22,2,0,0
BRDA:22,2,1,0
BRDA:24,3,0,0
BRDA:24,3,1,0
BRF:8
BRH:0
end_of_record
TN:
SF:src/routes/api/keys/status/+server.ts
FN:8,(anonymous_0)
FNF:1
FNH:0
FNDA:0,(anonymous_0)
DA:8,0
DA:9,0
DA:11,0
LF:3
LH:0
BRF:0
BRH:0
end_of_record
TN:
SF:src/routes/api/llm/flows/+server.ts
FN:8,(anonymous_0)
FNF:1
FNH:0
FNDA:0,(anonymous_0)
DA:8,0
DA:9,0
DA:11,0
LF:3
LH:0
BRF:0
BRH:0
end_of_record
TN:
SF:src/routes/api/llm/health/+server.ts
FN:8,(anonymous_0)
FNF:1
FNH:0
FNDA:0,(anonymous_0)
DA:8,0
DA:9,0
LF:2
LH:0
BRF:0
BRH:0
end_of_record
TN:
SF:src/routes/api/llm/route/+server.ts
FN:8,(anonymous_0)
FNF:1
FNH:0
FNDA:0,(anonymous_0)
DA:8,0
DA:9,0
DA:10,0
DA:11,0
DA:13,0
DA:19,0
DA:22,0
DA:23,0
LF:8
LH:0
BRDA:23,0,0,0
BRDA:23,0,1,0
BRF:2
BRH:0
end_of_record
